#
# There is insufficient memory for the Java Runtime Environment to continue.
# Native memory allocation (mmap) failed to map 268435456 bytes for G1 virtual space
# Possible reasons:
#   The system is out of physical RAM or swap space
#   The process is running with CompressedOops enabled, and the Java Heap may be blocking the growth of the native heap
# Possible solutions:
#   Reduce memory load on the system
#   Increase physical memory or swap space
#   Check if swap backing store is full
#   Decrease Java heap size (-Xmx/-Xms)
#   Decrease number of Java threads
#   Decrease Java thread stack sizes (-Xss)
#   Set larger code cache with -XX:ReservedCodeCacheSize=
#   JVM is running with Zero Based Compressed Oops mode in which the Java heap is
#     placed in the first 32GB address space. The Java Heap base address is the
#     maximum limit for the native heap growth. Please use -XX:HeapBaseMinAddress
#     to set the Java Heap base and to place the Java Heap above 32GB virtual address.
# This output file may be truncated or incomplete.
#
#  Out of Memory Error (os_windows.cpp:3527), pid=173236, tid=157320
#
# JRE version:  (19.0+36) (build )
# Java VM: OpenJDK 64-Bit Server VM (19+36-2238, mixed mode, emulated-client, sharing, tiered, compressed oops, compressed class ptrs, g1 gc, windows-amd64)
# No core dump will be written. Minidumps are not enabled by default on client versions of Windows
#

---------------  S U M M A R Y ------------

Command Line: -XX:+ShowCodeDetailsInExceptionMessages -agentlib:jdwp=transport=dt_socket,suspend=y,address=localhost:58832 -Dcom.sun.management.jmxremote -Dcom.sun.management.jmxremote.port=58829 -Dcom.sun.management.jmxremote.authenticate=false -Dcom.sun.management.jmxremote.ssl=false -Djava.rmi.server.hostname=localhost -Dspring.jmx.enabled=true -Dspring.application.admin.enabled=true -XX:TieredStopAtLevel=1 -Dspring.boot.project.name=spring-jta-simple -javaagent:E:\dev\tools\sts-4.11.0.RELEASE\configuration\org.eclipse.osgi\258\0\.cp\lib\javaagent-shaded.jar -Dfile.encoding=UTF-8 com.sandpit.spring.jta.simple.DistributedTransactionsApplication --spring.output.ansi.enabled=always

Host: Intel(R) Xeon(R) CPU E3-1240 v5 @ 3.50GHz, 8 cores, 15G,  Windows 10 , 64 bit Build 19041 (10.0.19041.3155)
Time: Tue Aug 15 12:57:38 2023 AUS Eastern Standard Time elapsed time: 0.048769 seconds (0d 0h 0m 0s)

---------------  T H R E A D  ---------------

Current thread (0x000001a19c6c79f0):  JavaThread "Unknown thread" [_thread_in_vm, id=157320, stack(0x00000092b6500000,0x00000092b6600000)]

Stack: [0x00000092b6500000,0x00000092b6600000]
Native frames: (J=compiled Java code, j=interpreted, Vv=VM code, C=native code)
V  [jvm.dll+0x6ee8fa]
V  [jvm.dll+0x857a1e]
V  [jvm.dll+0x85940e]
V  [jvm.dll+0x859ac3]
V  [jvm.dll+0x28291f]
V  [jvm.dll+0x6eb6e9]
V  [jvm.dll+0x6e028a]
V  [jvm.dll+0x357136]
V  [jvm.dll+0x35eb96]
V  [jvm.dll+0x3b555e]
V  [jvm.dll+0x3b578f]
V  [jvm.dll+0x32c6ea]
V  [jvm.dll+0x32d59e]
V  [jvm.dll+0x821b20]
V  [jvm.dll+0x3c27c1]
V  [jvm.dll+0x8022f1]
V  [jvm.dll+0x44b30f]
V  [jvm.dll+0x44cc91]
C  [jli.dll+0x5287]
C  [ucrtbase.dll+0x21bb2]
C  [KERNEL32.DLL+0x17614]
C  [ntdll.dll+0x526b1]


---------------  P R O C E S S  ---------------

Threads class SMR info:
_java_thread_list=0x00007ffa4ec9d048, length=0, elements={
}

Java Threads: ( => current thread )

Other Threads:
  0x000001a19c739940 WorkerThread "GC Thread#0" [stack: 0x00000092b6600000,0x00000092b6700000] [id=189560]
  0x000001a19c74b0a0 ConcurrentGCThread "G1 Main Marker" [stack: 0x00000092b6700000,0x00000092b6800000] [id=189556]
  0x000001a19c74bad0 WorkerThread "G1 Conc#0" [stack: 0x00000092b6800000,0x00000092b6900000] [id=189672]

[error occurred during error reporting (printing all threads), id 0xc0000005, EXCEPTION_ACCESS_VIOLATION (0xc0000005) at pc=0x00007ffa4e45d127]

VM state: not at safepoint (not fully initialized)

VM Mutex/Monitor currently owned by a thread:  ([mutex/lock_event])
[0x000001a19c6c4380] Heap_lock - owner thread: 0x000001a19c6c79f0

Heap address: 0x0000000701400000, size: 4076 MB, Compressed Oops mode: Zero based, Oop shift amount: 3

CDS archive(s) mapped at: [0x0000000000000000-0x0000000000000000-0x0000000000000000), size 0, SharedBaseAddress: 0x0000000800000000, ArchiveRelocationMode: 0.
Narrow klass base: 0x0000000000000000, Narrow klass shift: 0, Narrow klass range: 0x0

GC Precious Log:
 CardTable entry size: 512
 Card Set container configuration: InlinePtr #cards 4 size 8 Array Of Cards #cards 8 size 32 Howl #buckets 8 coarsen threshold 3686 Howl Bitmap #cards 512 size 80 coarsen threshold 460 Card regions per heap region 1 cards per card region 4096

Heap:
 garbage-first heap   total 0K, used 0K [0x0000000701400000, 0x0000000800000000)
  region size 2048K, 0 young (0K), 0 survivors (0K)

[error occurred during error reporting (printing heap information), id 0xc0000005, EXCEPTION_ACCESS_VIOLATION (0xc0000005) at pc=0x00007ffa4e866959]

GC Heap History (0 events):
No events

Dll operation events (1 events):
Event: 0.020 Loaded shared library E:\apps\jdk-19\bin\java.dll

Deoptimization events (0 events):
No events

Classes loaded (0 events):
No events

Classes unloaded (0 events):
No events

Classes redefined (0 events):
No events

Internal exceptions (0 events):
No events

VM Operations (0 events):
No events

Events (0 events):
No events


Dynamic libraries:
0x00007ff7091d0000 - 0x00007ff7091de000 	E:\apps\jdk-19\bin\javaw.exe
0x00007ffadaf30000 - 0x00007ffadb128000 	C:\windows\SYSTEM32\ntdll.dll
0x00007ffadab60000 - 0x00007ffadac1f000 	C:\windows\System32\KERNEL32.DLL
0x00007ffad88f0000 - 0x00007ffad8be6000 	C:\windows\System32\KERNELBASE.dll
0x00007ffad87f0000 - 0x00007ffad88f0000 	C:\windows\System32\ucrtbase.dll
0x00007ffab8e00000 - 0x00007ffab8e17000 	E:\apps\jdk-19\bin\jli.dll
0x00007ffaaf660000 - 0x00007ffaaf67b000 	E:\apps\jdk-19\bin\VCRUNTIME140.dll
0x00007ffad9f90000 - 0x00007ffada12d000 	C:\windows\System32\USER32.dll
0x00007ffad8e40000 - 0x00007ffad8e62000 	C:\windows\System32\win32u.dll
0x00007ffac5380000 - 0x00007ffac561a000 	C:\windows\WinSxS\amd64_microsoft.windows.common-controls_6595b64144ccf1df_6.0.19041.1110_none_60b5254171f9507e\COMCTL32.dll
0x00007ffadacb0000 - 0x00007ffadacdc000 	C:\windows\System32\GDI32.dll
0x00007ffada270000 - 0x00007ffada30e000 	C:\windows\System32\msvcrt.dll
0x00007ffad8e70000 - 0x00007ffad8f85000 	C:\windows\System32\gdi32full.dll
0x00007ffad8610000 - 0x00007ffad86ad000 	C:\windows\System32\msvcp_win.dll
0x00007ffada3e0000 - 0x00007ffada410000 	C:\windows\System32\IMM32.DLL
0x000001a19ae40000 - 0x000001a19ae54000 	C:\windows\System32\umppc16812.dll
0x00007ffad1460000 - 0x00007ffad146c000 	E:\apps\jdk-19\bin\vcruntime140_1.dll
0x00007ffaaa2e0000 - 0x00007ffaaa36e000 	E:\apps\jdk-19\bin\msvcp140.dll
0x00007ffa4e120000 - 0x00007ffa4ede0000 	E:\apps\jdk-19\bin\server\jvm.dll
0x00007ffad8f90000 - 0x00007ffad903f000 	C:\windows\System32\ADVAPI32.dll
0x00007ffad90b0000 - 0x00007ffad914c000 	C:\windows\System32\sechost.dll
0x00007ffad9a50000 - 0x00007ffad9b76000 	C:\windows\System32\RPCRT4.dll
0x00007ffaaf3f0000 - 0x00007ffaaf3f9000 	C:\windows\SYSTEM32\WSOCK32.dll
0x00007ffad99e0000 - 0x00007ffad9a4b000 	C:\windows\System32\WS2_32.dll
0x00007fface370000 - 0x00007fface397000 	C:\windows\SYSTEM32\WINMM.dll
0x00007ffad0040000 - 0x00007ffad004a000 	C:\windows\SYSTEM32\VERSION.dll
0x00007ffad6f80000 - 0x00007ffad6f92000 	C:\windows\SYSTEM32\kernel.appcore.dll
0x00007ffacc670000 - 0x00007ffacc67a000 	E:\apps\jdk-19\bin\jimage.dll
0x00007ffad6850000 - 0x00007ffad6a34000 	C:\windows\SYSTEM32\DBGHELP.DLL
0x00007ffacbec0000 - 0x00007ffacbef4000 	C:\windows\SYSTEM32\dbgcore.DLL
0x00007ffad8760000 - 0x00007ffad87e2000 	C:\windows\System32\bcryptPrimitives.dll
0x00007ffaaaaa0000 - 0x00007ffaaaadc000 	E:\apps\jdk-19\bin\jdwp.dll
0x00007ffac7f20000 - 0x00007ffac7f2e000 	E:\apps\jdk-19\bin\instrument.dll
0x00007ffaaccc0000 - 0x00007ffaacce6000 	E:\apps\jdk-19\bin\java.dll

dbghelp: loaded successfully - version: 4.0.5 - missing functions: none
symbol engine: initialized successfully - sym options: 0x614 - pdb path: .;E:\apps\jdk-19\bin;C:\windows\SYSTEM32;C:\windows\WinSxS\amd64_microsoft.windows.common-controls_6595b64144ccf1df_6.0.19041.1110_none_60b5254171f9507e;E:\apps\jdk-19\bin\server

VM Arguments:
jvm_args: -XX:+ShowCodeDetailsInExceptionMessages -agentlib:jdwp=transport=dt_socket,suspend=y,address=localhost:58832 -Dcom.sun.management.jmxremote -Dcom.sun.management.jmxremote.port=58829 -Dcom.sun.management.jmxremote.authenticate=false -Dcom.sun.management.jmxremote.ssl=false -Djava.rmi.server.hostname=localhost -Dspring.jmx.enabled=true -Dspring.application.admin.enabled=true -XX:TieredStopAtLevel=1 -Dspring.boot.project.name=spring-jta-simple -javaagent:E:\dev\tools\sts-4.11.0.RELEASE\configuration\org.eclipse.osgi\258\0\.cp\lib\javaagent-shaded.jar -Dfile.encoding=UTF-8 
java_command: com.sandpit.spring.jta.simple.DistributedTransactionsApplication --spring.output.ansi.enabled=always
java_class_path (initial): E:\dev\sources\prepare\distributed-transaction\spring-jta-simple\target\classes;C:\Users\spark\.m2\repository\org\springframework\boot\spring-boot-starter-web\3.1.0\spring-boot-starter-web-3.1.0.jar;C:\Users\spark\.m2\repository\org\springframework\boot\spring-boot-starter\3.1.0\spring-boot-starter-3.1.0.jar;C:\Users\spark\.m2\repository\org\springframework\boot\spring-boot-starter-logging\3.1.0\spring-boot-starter-logging-3.1.0.jar;C:\Users\spark\.m2\repository\ch\qos\logback\logback-classic\1.4.7\logback-classic-1.4.7.jar;C:\Users\spark\.m2\repository\ch\qos\logback\logback-core\1.4.7\logback-core-1.4.7.jar;C:\Users\spark\.m2\repository\org\apache\logging\log4j\log4j-to-slf4j\2.20.0\log4j-to-slf4j-2.20.0.jar;C:\Users\spark\.m2\repository\org\apache\logging\log4j\log4j-api\2.20.0\log4j-api-2.20.0.jar;C:\Users\spark\.m2\repository\org\slf4j\jul-to-slf4j\2.0.7\jul-to-slf4j-2.0.7.jar;C:\Users\spark\.m2\repository\jakarta\annotation\jakarta.annotation-api\2.1.1\jakarta.annotation-api-2.1.1.jar;C:\Users\spark\.m2\repository\org\yaml\snakeyaml\1.33\snakeyaml-1.33.jar;C:\Users\spark\.m2\repository\org\springframework\boot\spring-boot-starter-tomcat\3.1.0\spring-boot-starter-tomcat-3.1.0.jar;C:\Users\spark\.m2\repository\org\apache\tomcat\embed\tomcat-embed-core\10.1.8\tomcat-embed-core-10.1.8.jar;C:\Users\spark\.m2\repository\org\apache\tomcat\embed\tomcat-embed-el\10.1.8\tomcat-embed-el-10.1.8.jar;C:\Users\spark\.m2\repository\org\apache\tomcat\embed\tomcat-embed-websocket\10.1.8\tomcat-embed-websocket-10.1.8.jar;C:\Users\spark\.m2\repository\org\springframework\spring-web\6.0.9\spring-web-6.0.9.jar;C:\Users\spark\.m2\repository\org\springframework\spring-beans\6.0.9\spring-beans-6.0.9.jar;C:\Users\spark\.m2\repository\io\micrometer\micrometer-observation\1.11.0\micrometer-observation-1.11.0.jar;C:\Users\spark\.m2\repository\io\micrometer\micrometer-commons\1.11.0\micrometer-commons-1.11.0.jar;C:\Users\spark\.m2\repository\org\springframework\spring-webmvc\6.0.9\spring-webmvc-6.0.9.jar;C:\Users\spark\.m2\repository\org\springframework\spring-aop\6.0.9\spring-aop-6.0.9.jar;C:\Users\spark\.m2\repository\org\springframework\spring-context\6.0.9\spring-context-6.0.9.jar;C:\Users\spark\.m2\repository\org\springframework\spring-expression\6.0.9\spring-expression-6.0.9.jar;C:\Users\spark\.m2\repository\org\springframework\boot\spring-boot-starter-artemis\3.1.0\spring-boot-starter-artemis-3.1.0.jar;C:\Users\spark\.m2\repository\org\springframework\spring-jms\6.0.9\spring-jms-6.0.9.jar;C:\Users\spark\.m2\repository\org\springframework\spring-messaging\6.0.9\spring-messaging-6.0.9.jar;C:\Users\spark\.m2\repository\org\springframework\spring-tx\6.0.9\spring-tx-6.0.9.jar;C:\Users\spark\.m2\repository\org\apache\activemq\artemis-jakarta-client\2.28.0\artemis-jakarta-client-2.28.0.jar;C:\Users\spark\.m2\repository\org\apache\activemq\artemis-selector\2.28.0\artemis-selector-2.28.0.jar;C:\Users\spark\.m2\repository\org\apache\activemq\artemis-jakarta-server\2.28.0\artemis-jakarta-server-2.28.0.jar;C:\Users\spark\.m2\repository\org\slf4j\slf4j-api\2.0.7\slf4j-api-2.0.7.jar;C:\Users\spark\.m2\repository\org\apache\activemq\artemis-core-client\2.28.0\artemis-core-client-2.28.0.jar;C:\Users\spark\.m2\repository\org\jgroups\jgroups\5.2.0.Final\jgroups-5.2.0.Final.jar;C:\Users\spark\.m2\repository\io\netty\netty-transport-native-epoll\4.1.92.Final\netty-transport-native-epoll-4.1.92.Final-linux-x86_64.jar;C:\Users\spark\.m2\repository\io\netty\netty-transport-native-unix-common\4.1.92.Final\netty-transport-native-unix-common-4.1.92.Final.jar;C:\Users\spark\.m2\repository\io\netty\netty-transport-classes-epoll\4.1.92.Final\netty-transport-classes-epoll-4.1.92.Final.jar;C:\Users\spark\.m2\repository\io\netty\netty-transport-native-kqueue\4.1.92.Final\netty-transport-native-kqueue-4.1.92.Final-osx-x86_64.jar;C:\Users\spark\.m2\repository\io\netty\netty-transport-classes-kqueue\4.1.92.Final\netty-transport-classes-kqueue-4.1.92.Final.jar;C:\Users\spark\.m2\repository\io\netty\netty-codec-http\4.1.92.Final\netty-codec-http-4.1.92.Final.jar;C:\Users\spark\.m2\repository\io\netty\netty-buffer\4.1.92.Final\netty-buffer-4.1.92.Final.jar;C:\Users\spark\.m2\repository\io\netty\netty-transport\4.1.92.Final\netty-transport-4.1.92.Final.jar;C:\Users\spark\.m2\repository\io\netty\netty-resolver\4.1.92.Final\netty-resolver-4.1.92.Final.jar;C:\Users\spark\.m2\repository\io\netty\netty-handler\4.1.92.Final\netty-handler-4.1.92.Final.jar;C:\Users\spark\.m2\repository\io\netty\netty-handler-proxy\4.1.92.Final\netty-handler-proxy-4.1.92.Final.jar;C:\Users\spark\.m2\repository\io\netty\netty-codec\4.1.92.Final\netty-codec-4.1.92.Final.jar;C:\Users\spark\.m2\repository\io\netty\netty-codec-socks\4.1.92.Final\netty-codec-socks-4.1.92.Final.jar;C:\Users\spark\.m2\repository\io\netty\netty-common\4.1.92.Final\netty-common-4.1.92.Final.jar;C:\Users\spark\.m2\repository\org\apache\activemq\artemis-server\2.28.0\artemis-server-2.28.0.jar;C:\Users\spark\.m2\repository\com\google\guava\guava\30.1-jre\guava-30.1-jre.jar;C:\Users\spark\.m2\repository\com\google\guava\failureaccess\1.0.1\failureaccess-1.0.1.jar;C:\Users\spark\.m2\repository\org\apache\activemq\artemis-jdbc-store\2.28.0\artemis-jdbc-store-2.28.0.jar;C:\Users\spark\.m2\repository\org\apache\commons\commons-dbcp2\2.9.0\commons-dbcp2-2.9.0.jar;C:\Users\spark\.m2\repository\org\apache\commons\commons-pool2\2.11.1\commons-pool2-2.11.1.jar;C:\Users\spark\.m2\repository\org\apache\activemq\artemis-quorum-api\2.28.0\artemis-quorum-api-2.28.0.jar;C:\Users\spark\.m2\repository\org\apache\activemq\activemq-artemis-native\2.0.0\activemq-artemis-native-2.0.0.jar;C:\Users\spark\.m2\repository\org\jctools\jctools-core\2.1.2\jctools-core-2.1.2.jar;C:\Users\spark\.m2\repository\commons-beanutils\commons-beanutils\1.9.4\commons-beanutils-1.9.4.jar;C:\Users\spark\.m2\repository\commons-logging\commons-logging\1.2\commons-logging-1.2.jar;C:\Users\spark\.m2\repository\commons-collections\commons-collections\3.2.2\commons-collections-3.2.2.jar;C:\Users\spark\.m2\repository\org\apache\commons\commons-configuration2\2.8.0\commons-configuration2-2.8.0.jar;C:\Users\spark\.m2\repository\org\apache\commons\commons-lang3\3.12.0\commons-lang3-3.12.0.jar;C:\Users\spark\.m2\repository\org\apache\commons\commons-text\1.10.0\commons-text-1.10.0.jar;C:\Users\spark\.m2\repository\io\micrometer\micrometer-core\1.11.0\micrometer-core-1.11.0.jar;C:\Users\spark\.m2\repository\org\apache\activemq\artemis-journal\2.28.0\artemis-journal-2.28.0.jar;C:\Users\spark\.m2\repository\org\apache\activemq\artemis-commons\2.28.0\artemis-commons-2.28.0.jar;C:\Users\spark\.m2\repository\org\apache\activemq\artemis-jakarta-service-extensions\2.28.0\artemis-jakarta-service-extensions-2.28.0.jar;C:\Users\spark\.m2\repository\jakarta\jms\jakarta.jms-api\3.1.0\jakarta.jms-api-3.1.0.jar;C:\Users\spark\.m2\repository\jakarta\transaction\jakarta.transaction-api\2.0.1\jakarta.transaction-api-2.0.1.jar;C:\Users\spark\.m2\repository\org\springframework\boot\spring-boot-starter-json\3.1.0\spring-boot-starter-json-3.1.0.jar;C:\Users\spark\.m2\repository\com\fasterxml\jackson\core\jackson-databind\2.15.0\jackson-databind-2.15.0.jar;C:\Users\spark\.m2\repository\com\fasterxml\jackson\core\jackson-annotations\2.15.0\jackson-annotations-2.15.0.jar;C:\Users\spark\.m2\repository\com\fasterxml\jackson\core\jackson-core\2.15.0\jackson-core-2.15.0.jar;C:\Users\spark\.m2\repository\com\fasterxml\jackson\datatype\jackson-datatype-jdk8\2.15.0\jackson-datatype-jdk8-2.15.0.jar;C:\Users\spark\.m2\repository\com\fasterxml\jackson\datatype\jackson-datatype-jsr310\2.15.0\jackson-datatype-jsr310-2.15.0.jar;C:\Users\spark\.m2\repository\com\fasterxml\jackson\module\jackson-module-parameter-names\2.15.0\jackson-module-parameter-names-2.15.0.jar;C:\Users\spark\.m2\repository\org\springframework\boot\spring-boot-starter-data-jpa\3.1.0\spring-boot-starter-data-jpa-3.1.0.jar;C:\Users\spark\.m2\repository\org\springframework\boot\spring-boot-starter-aop\3.1.0\spring-boot-starter-aop-3.1.0.jar;C:\Users\spark\.m2\repository\org\aspectj\aspectjweaver\1.9.19\aspectjweaver-1.9.19.jar;C:\Users\spark\.m2\repository\org\springframework\boot\spring-boot-starter-jdbc\3.1.0\spring-boot-starter-jdbc-3.1.0.jar;C:\Users\spark\.m2\repository\com\zaxxer\HikariCP\5.0.1\HikariCP-5.0.1.jar;C:\Users\spark\.m2\repository\org\springframework\spring-jdbc\6.0.9\spring-jdbc-6.0.9.jar;C:\Users\spark\.m2\repository\org\hibernate\orm\hibernate-core\6.2.2.Final\hibernate-core-6.2.2.Final.jar;C:\Users\spark\.m2\repository\jakarta\persistence\jakarta.persistence-api\3.1.0\jakarta.persistence-api-3.1.0.jar;C:\Users\spark\.m2\repository\org\jboss\logging\jboss-logging\3.5.0.Final\jboss-logging-3.5.0.Final.jar;C:\Users\spark\.m2\repository\org\hibernate\common\hibernate-commons-annotations\6.0.6.Final\hibernate-commons-annotations-6.0.6.Final.jar;C:\Users\spark\.m2\repository\io\smallrye\jandex\3.0.5\jandex-3.0.5.jar;C:\Users\spark\.m2\repository\com\fasterxml\classmate\1.5.1\classmate-1.5.1.jar;C:\Users\spark\.m2\repository\net\bytebuddy\byte-buddy\1.14.4\byte-buddy-1.14.4.jar;C:\Users\spark\.m2\repository\org\glassfish\jaxb\jaxb-runtime\4.0.2\jaxb-runtime-4.0.2.jar;C:\Users\spark\.m2\repository\org\glassfish\jaxb\jaxb-core\4.0.2\jaxb-core-4.0.2.jar;C:\Users\spark\.m2\repository\org\eclipse\angus\angus-activation\2.0.0\angus-activation-2.0.0.jar;C:\Users\spark\.m2\repository\org\glassfish\jaxb\txw2\4.0.2\txw2-4.0.2.jar;C:\Users\spark\.m2\repository\com\sun\istack\istack-commons-runtime\4.1.1\istack-commons-runtime-4.1.1.jar;C:\Users\spark\.m2\repository\jakarta\inject\jakarta.inject-api\2.0.1\jakarta.inject-api-2.0.1.jar;C:\Users\spark\.m2\repository\org\antlr\antlr4-runtime\4.10.1\antlr4-runtime-4.10.1.jar;C:\Users\spark\.m2\repository\org\springframework\data\spring-data-jpa\3.1.0\spring-data-jpa-3.1.0.jar;C:\Users\spark\.m2\repository\org\springframework\data\spring-data-commons\3.1.0\spring-data-commons-3.1.0.jar;C:\Users\spark\.m2\repository\org\springframework\spring-orm\6.0.9\spring-orm-6.0.9.jar;C:\Users\spark\.m2\repository\org\springframework\spring-aspects\6.0.9\spring-aspects-6.0.9.jar;C:\Users\spark\.m2\repository\com\h2database\h2\2.1.214\h2-2.1.214.jar;C:\Users\spark\.m2\repository\com\atomikos\transactions-spring-boot3-starter\6.0.0\transactions-spring-boot3-starter-6.0.0.jar;C:\Users\spark\.m2\repository\com\atomikos\transactions-spring-boot3\6.0.0\transactions-spring-boot3-6.0.0.jar;C:\Users\spark\.m2\repository\com\atomikos\transactions-jms\6.0.0\transactions-jms-6.0.0-jakarta.jar;C:\Users\spark\.m2\repository\com\atomikos\transactions-jta\6.0.0\transactions-jta-6.0.0-jakarta.jar;C:\Users\spark\.m2\repository\com\atomikos\transactions-api\6.0.0\transactions-api-6.0.0.jar;C:\Users\spark\.m2\repository\com\atomikos\transactions\6.0.0\transactions-6.0.0.jar;C:\Users\spark\.m2\repository\com\atomikos\atomikos-util\6.0.0\atomikos-util-6.0.0.jar;C:\Users\spark\.m2\repository\com\atomikos\transactions-jdbc\6.0.0\transactions-jdbc-6.0.0-jakarta.jar;C:\Users\spark\.m2\repository\org\projectlombok\lombok\1.18.28\lombok-1.18.28.jar;C:\Users\spark\.m2\repository\org\springframework\boot\spring-boot-devtools\3.1.0\spring-boot-devtools-3.1.0.jar;C:\Users\spark\.m2\repository\org\springframework\boot\spring-boot\3.1.0\spring-boot-3.1.0.jar;C:\Users\spark\.m2\repository\org\springframework\boot\spring-boot-autoconfigure\3.1.0\spring-boot-autoconfigure-3.1.0.jar;C:\Users\spark\.m2\repository\jakarta\xml\bind\jakarta.xml.bind-api\4.0.0\jakarta.xml.bind-api-4.0.0.jar;C:\Users\spark\.m2\repository\jakarta\activation\jakarta.activation-api\2.1.2\jakarta.activation-api-2.1.2.jar;C:\Users\spark\.m2\repository\org\springframework\spring-core\6.0.9\spring-core-6.0.9.jar;C:\Users\spark\.m2\repository\org\springframework\spring-jcl\6.0.9\spring-jcl-6.0.9.jar
Launcher Type: SUN_STANDARD

[Global flags]
     intx CICompilerCount                          = 4                                         {product} {ergonomic}
     uint ConcGCThreads                            = 2                                         {product} {ergonomic}
     uint G1ConcRefinementThreads                  = 8                                         {product} {ergonomic}
   size_t G1HeapRegionSize                         = 2097152                                   {product} {ergonomic}
    uintx GCDrainStackTargetSize                   = 64                                        {product} {ergonomic}
   size_t InitialHeapSize                          = 268435456                                 {product} {ergonomic}
     bool ManagementServer                         = true                                      {product} {command line}
   size_t MarkStackSize                            = 4194304                                   {product} {ergonomic}
   size_t MaxHeapSize                              = 4273995776                                {product} {ergonomic}
   size_t MinHeapDeltaBytes                        = 2097152                                   {product} {ergonomic}
   size_t MinHeapSize                              = 8388608                                   {product} {ergonomic}
    uintx NonProfiledCodeHeapSize                  = 0                                      {pd product} {ergonomic}
     bool ProfileInterpreter                       = false                                  {pd product} {command line}
    uintx ProfiledCodeHeapSize                     = 0                                      {pd product} {ergonomic}
     bool ShowCodeDetailsInExceptionMessages       = true                                   {manageable} {command line}
   size_t SoftMaxHeapSize                          = 4273995776                             {manageable} {ergonomic}
     intx TieredStopAtLevel                        = 1                                         {product} {command line}
     bool UseCompressedClassPointers               = true                           {product lp64_product} {ergonomic}
     bool UseCompressedOops                        = true                           {product lp64_product} {ergonomic}
     bool UseG1GC                                  = true                                      {product} {ergonomic}
     bool UseLargePagesIndividualAllocation        = false                                  {pd product} {ergonomic}

Logging:
Log output configuration:
 #0: stdout all=warning uptime,level,tags foldmultilines=false
 #1: stderr all=off uptime,level,tags foldmultilines=false

Environment Variables:
JAVA_HOME=E:\apps\jdk-19
PATH=E:/dev/tools/sts-4.11.0.RELEASE//plugins/org.eclipse.justj.openjdk.hotspot.jre.full.win32.x86_64_16.0.1.v20210528-1205/jre/bin/server;E:/dev/tools/sts-4.11.0.RELEASE//plugins/org.eclipse.justj.openjdk.hotspot.jre.full.win32.x86_64_16.0.1.v20210528-1205/jre/bin;E:\apps\jdk-19\bin;C:\windows\system32;C:\windows;C:\windows\System32\Wbem;C:\windows\System32\WindowsPowerShell\v1.0\;C:\windows\System32\OpenSSH\;E:\dev\tools\apache-maven-3.9.3\bin;C:\Program Files (x86)\Microsoft SQL Server\150\DTS\Binn\;C:\Program Files\Azure Data Studio\bin;E:\dev\tools\node-v14.17.5-win-x64;C:\Users\spark\AppData\Local\Android\Sdk\platform-tools;C:\Users\spark\AppData\Local\Android\Sdk\emulator;C:\Program Files\Microsoft SQL Server\Client SDK\ODBC\170\Tools\Binn\;C:\Program Files (x86)\Microsoft SQL Server\150\Tools\Binn\;C:\Program Files\Microsoft SQL Server\150\Tools\Binn\;C:\Program Files\Microsoft SQL Server\150\DTS\Binn\;C:\Program Files\PuTTY\;C:\HashiCorp\Vagrant\bin;C:\Program Files\Docker\Docker\resources\bin;C:\Users\spark\AppData\Local\Microsoft\WindowsApps;C:\Users\spark\AppData\Local\Programs\Microsoft VS Code\bin;C:\Users\spark\AppData\Local\Programs\Git\cmd;E:\dev\tools\sts-4.11.0.RELEASE;
USERNAME=spark
OS=Windows_NT
PROCESSOR_IDENTIFIER=Intel64 Family 6 Model 94 Stepping 3, GenuineIntel
TMP=C:\Users\spark\AppData\Local\Temp
TEMP=C:\Users\spark\AppData\Local\Temp



---------------  S Y S T E M  ---------------

OS:
 Windows 10 , 64 bit Build 19041 (10.0.19041.3155)
OS uptime: 4 days 18:43 hours
Hyper-V role detected

CPU: total 8 (initial active 8) (4 cores per cpu, 2 threads per core) family 6 model 94 stepping 3 microcode 0xcc, cx8, cmov, fxsr, ht, mmx, 3dnowpref, sse, sse2, sse3, ssse3, sse4.1, sse4.2, popcnt, lzcnt, tsc, tscinvbit, avx, avx2, aes, erms, clmul, bmi1, bmi2, rtm, adx, fma, vzeroupper, clflush, clflushopt, hv, rdtscp

Memory: 4k page, system-wide physical 16303M (1630M free)
TotalPageFile size 46460M (AvailPageFile size 254M)
current process WorkingSet (physical memory assigned to process): 11M, peak: 11M
current process commit charge ("private bytes"): 55M, peak: 311M

vm_info: OpenJDK 64-Bit Server VM (19+36-2238) for windows-amd64 JRE (19+36-2238), built on 2022-08-12T20:29:01Z by "mach5one" with MS VC++ 17.1 (VS2022)

END.
