#
# A fatal error has been detected by the Java Runtime Environment:
#
#  EXCEPTION_ACCESS_VIOLATION (0xc0000005) at pc=0x000001d76a4d28a4, pid=226608, tid=230464
#
# JRE version: OpenJDK Runtime Environment (19.0+36) (build 19+36-2238)
# Java VM: OpenJDK 64-Bit Server VM (19+36-2238, mixed mode, emulated-client, sharing, tiered, compressed oops, compressed class ptrs, g1 gc, windows-amd64)
# Problematic frame:
# v  ~BufferBlob::MethodHandles adapters 0x000001d76a4d28a4
#
# No core dump will be written. Minidumps are not enabled by default on client versions of Windows
#
# If you would like to submit a bug report, please visit:
#   https://bugreport.java.com/bugreport/crash.jsp
#

---------------  S U M M A R Y ------------

Command Line: -XX:+ShowCodeDetailsInExceptionMessages -agentlib:jdwp=transport=dt_socket,suspend=y,address=localhost:49976 -Dcom.sun.management.jmxremote -Dcom.sun.management.jmxremote.port=49974 -Dcom.sun.management.jmxremote.authenticate=false -Dcom.sun.management.jmxremote.ssl=false -Djava.rmi.server.hostname=localhost -Dspring.jmx.enabled=true -Dspring.application.admin.enabled=true -XX:TieredStopAtLevel=1 -Dspring.boot.project.name=spring-jta-simple -javaagent:E:\dev\tools\sts-4.11.0.RELEASE\configuration\org.eclipse.osgi\258\0\.cp\lib\javaagent-shaded.jar -Dfile.encoding=UTF-8 com.sandpit.spring.jta.simple.DistributedTransactionsApplication --spring.output.ansi.enabled=always

Host: Intel(R) Xeon(R) CPU E3-1240 v5 @ 3.50GHz, 8 cores, 15G,  Windows 10 , 64 bit Build 19041 (10.0.19041.3155)
Time: Wed Aug 16 12:47:39 2023 AUS Eastern Standard Time elapsed time: 1884.546028 seconds (0d 0h 31m 24s)

---------------  T H R E A D  ---------------

Current thread (0x000001d70235cb60):  JavaThread "http-nio-8080-exec-1" daemon [_thread_in_Java, id=230464, stack(0x0000008e4f500000,0x0000008e4f600000)]

Stack: [0x0000008e4f500000,0x0000008e4f600000],  sp=0x0000008e4f5fd778,  free space=1013k
Native frames: (J=compiled Java code, j=interpreted, Vv=VM code, C=native code)
C  0x000001d76a4d28a4


siginfo: EXCEPTION_ACCESS_VIOLATION (0xc0000005), reading address 0xffffffffffffffff


Registers:
RAX=0x000001d76a4ac4fa, RBX=0x00000007063b5038, RCX=0x0000008e4f5fd788, RDX=0x0000000000000003
RSP=0x0000008e4f5fd778, RBP=0x0000008e4f5fd7d0, RSI=0x000001d701583e58, RDI=0x000001d7021cc340
R8 =0x0000000000000004, R9 =0x0000000000000004, R10=0x000000087a8ec2c3, R11=0xe0c759f000000000
R12=0x0000000000000000, R13=0x0000008e4f5fd778, R14=0x0000008e4f5fd7f8, R15=0x000001d70235cb60
RIP=0x000001d76a4d28a4, EFLAGS=0x0000000000010206


Register to memory mapping:

RIP=0x000001d76a4d28a4 is at begin+65 in a stub
MethodHandle::interpreter_entry::_linkToVirtual [0x000001d76a4d2863, 0x000001d76a4d28ca] (103 bytes)
RAX=0x000001d76a4ac4fa is at code_begin+4346 in an Interpreter codelet
return entry points  [0x000001d76a4ab400, 0x000001d76a4ad200]  7680 bytes
RBX=0x00000007063b5038 is an oop: com.sandpit.spring.jta.simple.dto.OrderDto 
{0x00000007063b5038} - klass: 'com/sandpit/spring/jta/simple/dto/OrderDto'
 - ---- fields (total size 3 words):
 - private final 'quantity' 'I' @12  100 (64)
 - private final 'hasFault' 'Z' @16  false
 - private final 'item' 'Ljava/lang/String;' @20  "apple"{0x00000007063acf80} (e0c759f0)
RCX=0x0000008e4f5fd788 is pointing into the stack for thread: 0x000001d70235cb60
RDX=0x0000000000000003 is an unknown value
RSP=0x0000008e4f5fd778 is pointing into the stack for thread: 0x000001d70235cb60
RBP=0x0000008e4f5fd7d0 is pointing into the stack for thread: 0x000001d70235cb60
RSI=0x000001d701583e58 points into unknown readable memory: 0x880035000bc034c4 | c4 34 c0 0b 00 35 00 88
RDI=0x000001d7021cc340 points into unknown readable memory: 0x0000002000000070 | 70 00 00 00 20 00 00 00
R8 =0x0000000000000004 is an unknown value
R9 =0x0000000000000004 is an unknown value
R10=0x000000087a8ec2c3 is an unknown value
R11=0xe0c759f000000000 is an unknown value
R12=0x0 is NULL
R13=0x0000008e4f5fd778 is pointing into the stack for thread: 0x000001d70235cb60
R14=0x0000008e4f5fd7f8 is pointing into the stack for thread: 0x000001d70235cb60
R15=0x000001d70235cb60 is a thread


Top of Stack: (sp=0x0000008e4f5fd778)
0x0000008e4f5fd778:   000001d76a4ac4fa 00000007049edb38
0x0000008e4f5fd788:   0000008e4f5fd788 000001d77a8ec2c3
0x0000008e4f5fd798:   0000008e4f5fd7f8 000001d77a8ec3f8
0x0000008e4f5fd7a8:   000001d76aa18eec 0000000701c8b220
0x0000008e4f5fd7b8:   000001d77a8ec2d0 0000008e4f5fd778
0x0000008e4f5fd7c8:   0000008e4f5fd800 0000008e4f5fd870
0x0000008e4f5fd7d8:   000001d76a4ac4fa 00000007063b5a50
0x0000008e4f5fd7e8:   00000007063b5038 00000007049edb38
0x0000008e4f5fd7f8:   00000007063b5bb8 0000008e4f5fd870
0x0000008e4f5fd808:   000001d76a4ac4fa 00000007063b5038
0x0000008e4f5fd818:   00000007049edb38 00000007063b5bb8
0x0000008e4f5fd828:   0000008e4f5fd828 000001d704801b24
0x0000008e4f5fd838:   0000008e4f5fd8b8 000001d7047bbc68
0x0000008e4f5fd848:   0000000000000000 00000007063bcb20
0x0000008e4f5fd858:   000001d704801b30 0000008e4f5fd810
0x0000008e4f5fd868:   0000008e4f5fd8c0 0000008e4f5fdc00 

Instructions: (pc=0x000001d76a4d28a4)
0x000001d76a4d27a4:   ff ff ff ff f0 10 00 00 00 00 00 00 00 28 4d 6a
0x000001d76a4d27b4:   d7 01 00 00 80 38 4d 6a d7 01 00 00 00 28 4d 6a
0x000001d76a4d27c4:   d7 01 00 00 80 38 4d 6a d7 01 00 00 f8 27 4d 6a
0x000001d76a4d27d4:   d7 01 00 00 f8 27 4d 6a d7 01 00 00 00 00 00 00
0x000001d76a4d27e4:   00 00 00 00 00 00 00 00 00 00 00 00 58 3b 27 94
0x000001d76a4d27f4:   fa 7f 00 00 00 00 00 00 00 00 00 00 f4 66 66 66
0x000001d76a4d2804:   0f 1f 84 00 00 00 00 00 66 66 66 90 66 66 66 0f
0x000001d76a4d2814:   1f 84 00 00 00 00 00 66 66 66 90 90 48 8b 53 08
0x000001d76a4d2824:   0f b7 52 2c 48 8b 0c d4 8b 59 14 48 c1 e3 03 8b
0x000001d76a4d2834:   5b 28 48 c1 e3 03 8b 5b 24 48 c1 e3 03 48 8b 5b
0x000001d76a4d2844:   10 48 85 db 0f 84 10 00 00 00 41 80 bf f8 04 00
0x000001d76a4d2854:   00 00 74 03 ff 63 38 ff 63 50 e9 9d 16 00 00 66
0x000001d76a4d2864:   66 66 0f 1f 84 00 00 00 00 00 66 66 66 90 66 66
0x000001d76a4d2874:   0f 1f 84 00 00 00 00 00 66 66 66 90 48 8b 53 08
0x000001d76a4d2884:   0f b7 52 2c 48 8b 0c d4 58 5b 50 44 8b 51 08 49
0x000001d76a4d2894:   bb 00 00 00 00 08 00 00 00 4d 03 d3 4c 8b 5b 10
0x000001d76a4d28a4:   4b 8b 9c da b8 01 00 00 48 85 db 0f 84 10 00 00
0x000001d76a4d28b4:   00 41 80 bf f8 04 00 00 00 74 03 ff 63 38 ff 63
0x000001d76a4d28c4:   50 e9 36 16 00 00 66 66 66 0f 1f 84 00 00 00 00
0x000001d76a4d28d4:   00 66 66 66 90 0f 1f 80 00 00 00 00 58 5b 50 8b
0x000001d76a4d28e4:   5b 24 48 c1 e3 03 48 8b 5b 10 48 85 db 0f 84 10
0x000001d76a4d28f4:   00 00 00 41 80 bf f8 04 00 00 00 74 03 ff 63 38
0x000001d76a4d2904:   ff 63 50 e9 f4 15 00 00 66 66 66 0f 1f 84 00 00
0x000001d76a4d2914:   00 00 00 66 66 66 90 0f 1f 44 00 00 48 8b 53 08
0x000001d76a4d2924:   0f b7 52 2c 48 8b 0c d4 58 5b 50 48 3b 01 8b 5b
0x000001d76a4d2934:   24 48 c1 e3 03 48 8b 5b 10 48 85 db 0f 84 10 00
0x000001d76a4d2944:   00 00 41 80 bf f8 04 00 00 00 74 03 ff 63 38 ff
0x000001d76a4d2954:   63 50 e9 a5 15 00 00 0f 1f 44 00 00 48 8b 53 08
0x000001d76a4d2964:   0f b7 52 2c 48 8b 0c d4 58 5b 50 44 8b 51 08 49
0x000001d76a4d2974:   bb 00 00 00 00 08 00 00 00 4d 03 d3 8b 43 18 48
0x000001d76a4d2984:   c1 e0 03 48 8b 40 10 48 8b 5b 10 45 8b 9a a0 00
0x000001d76a4d2994:   00 00 4f 8d 9c da b8 01 00 00 4d 8d 14 da 49 8b 


Stack slot to memory mapping:
stack at sp + 0 slots: 0x000001d76a4ac4fa is at code_begin+4346 in an Interpreter codelet
return entry points  [0x000001d76a4ab400, 0x000001d76a4ad200]  7680 bytes
stack at sp + 1 slots: 0x00000007049edb38 is an oop: com.sandpit.spring.jta.simple.controller.Webservice 
{0x00000007049edb38} - klass: 'com/sandpit/spring/jta/simple/controller/Webservice'
 - ---- fields (total size 2 words):
 - private 'orderService' 'Lcom/sandpit/spring/jta/simple/service/OrderService;' @12  a 'com/sandpit/spring/jta/simple/service/OrderService$$SpringCGLIB$$0'{0x00000007072037b8} (e0e406f7)
stack at sp + 2 slots: 0x0000008e4f5fd788 is pointing into the stack for thread: 0x000001d70235cb60
stack at sp + 3 slots: 0x000001d77a8ec2c3 is pointing into metadata
stack at sp + 4 slots: 0x0000008e4f5fd7f8 is pointing into the stack for thread: 0x000001d70235cb60
stack at sp + 5 slots: 0x000001d77a8ec3f8 is pointing into metadata
stack at sp + 6 slots: 0x000001d76aa18eec is at entry_point+172 in (nmethod*)0x000001d76aa18c90
Compiled method (c1) 1884765 2100       1       java.lang.invoke.LambdaForm$MH/0x0000000801001000::invoke (25 bytes)
 total in heap  [0x000001d76aa18c90,0x000001d76aa190a8] = 1048
 relocation     [0x000001d76aa18df0,0x000001d76aa18e38] = 72
 main code      [0x000001d76aa18e40,0x000001d76aa18f60] = 288
 stub code      [0x000001d76aa18f60,0x000001d76aa18fb8] = 88
 oops           [0x000001d76aa18fb8,0x000001d76aa18fc0] = 8
 metadata       [0x000001d76aa18fc0,0x000001d76aa18fc8] = 8
 scopes data    [0x000001d76aa18fc8,0x000001d76aa19018] = 80
 scopes pcs     [0x000001d76aa19018,0x000001d76aa19088] = 112
 dependencies   [0x000001d76aa19088,0x000001d76aa19090] = 8
 nul chk table  [0x000001d76aa19090,0x000001d76aa190a8] = 24
stack at sp + 7 slots: 0x0000000701c8b220 is an oop: java.lang.Class 
{0x0000000701c8b220} - klass: 'java/lang/Class'
 - ---- fields (total size 15 words):
 - private volatile transient 'classRedefinedCount' 'I' @12  0
 - abstract internal 'klass' 'J' @16  34377809920 (113c000 8)
 - abstract internal 'array_klass' 'J' @24  0 (0 0)
 - abstract internal 'oop_size' 'I' @32  15 (f)
 - abstract internal 'static_oop_field_count' 'I' @36  1
 - private volatile transient 'cachedConstructor' 'Ljava/lang/reflect/Constructor;' @40  NULL (0)
 - private transient 'name' 'Ljava/lang/String;' @44  NULL (0)
 - private transient 'module' 'Ljava/lang/Module;' @48  a 'java/lang/Module'{0x000000070180dc38} (e0301b87)
 - private final 'classLoader' 'Ljava/lang/ClassLoader;' @52  NULL (0)
 - private transient 'classData' 'Ljava/lang/Object;' @56  a 'java/util/ImmutableCollections$List12'{0x0000000701ce3760} (e039c6ec)
 - private transient 'packageName' 'Ljava/lang/String;' @60  NULL (0)
 - private final 'componentType' 'Ljava/lang/Class;' @64  NULL (0)
 - private volatile transient 'reflectionData' 'Ljava/lang/ref/SoftReference;' @68  NULL (0)
 - private volatile transient 'genericInfo' 'Lsun/reflect/generics/repository/ClassRepository;' @72  NULL (0)
 - private volatile transient 'enumConstants' '[Ljava/lang/Object;' @76  NULL (0)
 - private volatile transient 'enumConstantDirectory' 'Ljava/util/Map;' @80  NULL (0)
 - private volatile transient 'annotationData' 'Ljava/lang/Class$AnnotationData;' @84  NULL (0)
 - private volatile transient 'annotationType' 'Lsun/reflect/annotation/AnnotationType;' @88  NULL (0)
 - transient 'classValueMap' 'Ljava/lang/ClassValue$ClassValueMap;' @92  NULL (0)
 - abstract internal 'protection_domain' 'Ljava/lang/Object;' @96  NULL (0)
 - abstract internal 'signers_name' 'Ljava/lang/Object;' @100  NULL (0)
 - abstract internal 'source_file' 'Ljava/lang/Object;' @104  NULL (0)
 - signature: Ljava/lang/invoke/LambdaForm$DMH+0x000000080113c000;
 - ---- static fields (1):
 - static final '_D_0' 'Ljava/lang/invoke/LambdaForm;' @112  a 'java/lang/invoke/LambdaForm'{0x0000000701ca6720} => a 'java/lang/invoke/MemberName'{0x0000000701ca6850} = {method} {0x000001d77a8ec2d8} 'invokeVirtual' '(Ljava/lang/Object;Ljava/lang/Object;Ljava/lang/Object;)Ljava/lang/Object;' in 'java/lang/invoke/LambdaForm$DMH+0x000000080113c000' (e0394ce4)

MethodHandle::interpreter_entry::_linkToVirtual [0x000001d76a4d2863, 0x000001d76a4d28ca] (103 bytes)
[MachCode]
  0x000001d76a4d2863: 6666 660f | 1f84 0000 | 0000 0066 | 6666 9066 | 660f 1f84 | 0000 0000 | 0066 6666 | 9048 8b53 
  0x000001d76a4d2883: 080f b752 | 2c48 8b0c | d458 5b50 | 448b 5108 | 49bb 0000 | 0000 0800 | 0000 4d03 | d34c 8b5b 
  0x000001d76a4d28a3: 104b 8b9c | dab8 0100 | 0048 85db | 0f84 1000 | 0000 4180 | bff8 0400 | 0000 7403 | ff63 38ff 
  0x000001d76a4d28c3: 6350 e936 | 
[/MachCode]

---------------  P R O C E S S  ---------------

Threads class SMR info:
_java_thread_list=0x000001d7025d08f0, length=79, elements={
0x000001d779f60060, 0x000001d779f60e50, 0x000001d779f65270, 0x000001d779f66060,
0x000001d779f69af0, 0x000001d779f78a90, 0x000001d779f79500, 0x000001d779f7b290,
0x000001d779f260a0, 0x000001d77e23ffb0, 0x000001d77e231800, 0x000001d77e248530,
0x000001d77eb897c0, 0x000001d77ecde6b0, 0x000001d77ecdebf0, 0x000001d77ecf5990,
0x000001d70009f6d0, 0x000001d77eb29100, 0x000001d7018321d0, 0x000001d7018356f0,
0x000001d70182f200, 0x000001d7018331c0, 0x000001d77eee1f80, 0x000001d77eee2a20,
0x000001d77eee59f0, 0x000001d77eee2f70, 0x000001d77eee54a0, 0x000001d77eee6f30,
0x000001d77eedfa50, 0x000001d77eb26680, 0x000001d77eb27120, 0x000001d701834700,
0x000001d77eee14e0, 0x000001d77eee7480, 0x000001d77eee34c0, 0x000001d702356670,
0x000001d70235c0c0, 0x000001d702358ba0, 0x000001d70182f750, 0x000001d70182e760,
0x000001d7018351a0, 0x000001d70235a630, 0x000001d702356bc0, 0x000001d702357bb0,
0x000001d77eee4f50, 0x000001d77eee3a10, 0x000001d702359b90, 0x000001d701834c50,
0x000001d701830c90, 0x000001d701833c60, 0x000001d77eb26bd0, 0x000001d77eb28660,
0x000001d701835c40, 0x000001d70182fca0, 0x000001d7018301f0, 0x000001d701830740,
0x000001d7018311e0, 0x000001d701831730, 0x000001d701831c80, 0x000001d702358650,
0x000001d702359640, 0x000001d70235cb60, 0x000001d70235a0e0, 0x000001d702357110,
0x000001d702355130, 0x000001d702357660, 0x000001d702355680, 0x000001d70235ab80,
0x000001d70235b0d0, 0x000001d70235b620, 0x000001d70235bb70, 0x000001d702355bd0,
0x000001d702356120, 0x000001d77eedffa0, 0x000001d77eee04f0, 0x000001d77eee69e0,
0x000001d77eee5f40, 0x000001d77eee0a40, 0x000001d77eee6490
}

Java Threads: ( => current thread )
  0x000001d779f60060 JavaThread "Reference Handler" daemon [_thread_blocked, id=233280, stack(0x0000008e4b300000,0x0000008e4b400000)]
  0x000001d779f60e50 JavaThread "Finalizer" daemon [_thread_blocked, id=222396, stack(0x0000008e4b400000,0x0000008e4b500000)]
  0x000001d779f65270 JavaThread "Signal Dispatcher" daemon [_thread_blocked, id=229560, stack(0x0000008e4b500000,0x0000008e4b600000)]
  0x000001d779f66060 JavaThread "Attach Listener" daemon [_thread_blocked, id=230924, stack(0x0000008e4b600000,0x0000008e4b700000)]
  0x000001d779f69af0 JavaThread "Service Thread" daemon [_thread_blocked, id=234156, stack(0x0000008e4b700000,0x0000008e4b800000)]
  0x000001d779f78a90 JavaThread "Monitor Deflation Thread" daemon [_thread_blocked, id=233200, stack(0x0000008e4b800000,0x0000008e4b900000)]
  0x000001d779f79500 JavaThread "C1 CompilerThread0" daemon [_thread_blocked, id=198828, stack(0x0000008e4b900000,0x0000008e4ba00000)]
  0x000001d779f7b290 JavaThread "Sweeper thread" daemon [_thread_blocked, id=207656, stack(0x0000008e4ba00000,0x0000008e4bb00000)]
  0x000001d779f260a0 JavaThread "Common-Cleaner" daemon [_thread_blocked, id=229396, stack(0x0000008e4bb00000,0x0000008e4bc00000)]
  0x000001d77e23ffb0 JavaThread "JDWP Transport Listener: dt_socket" daemon [_thread_blocked, id=233260, stack(0x0000008e4be00000,0x0000008e4bf00000)]
  0x000001d77e231800 JavaThread "JDWP Event Helper Thread" daemon [_thread_blocked, id=233180, stack(0x0000008e4bf00000,0x0000008e4c000000)]
  0x000001d77e248530 JavaThread "JDWP Command Reader" daemon [_thread_in_native, id=233760, stack(0x0000008e4c000000,0x0000008e4c100000)]
  0x000001d77eb897c0 JavaThread "Notification Thread" daemon [_thread_blocked, id=231628, stack(0x0000008e4c100000,0x0000008e4c200000)]
  0x000001d77ecde6b0 JavaThread "RMI TCP Accept-0" daemon [_thread_in_native, id=234488, stack(0x0000008e4c200000,0x0000008e4c300000)]
  0x000001d77ecdebf0 JavaThread "RMI TCP Accept-49974" daemon [_thread_in_native, id=233680, stack(0x0000008e4c300000,0x0000008e4c400000)]
  0x000001d77ecf5990 JavaThread "RMI TCP Accept-0" daemon [_thread_in_native, id=229452, stack(0x0000008e4c400000,0x0000008e4c500000)]
  0x000001d70009f6d0 JavaThread "RMI Scheduler(0)" daemon [_thread_blocked, id=233632, stack(0x0000008e4ce00000,0x0000008e4cf00000)]
  0x000001d77eb29100 JavaThread "JMX server connection timeout 39" daemon [_thread_blocked, id=214000, stack(0x0000008e4d100000,0x0000008e4d200000)]
  0x000001d7018321d0 JavaThread "Thread-0 (ActiveMQ-client-netty-threads)" daemon [_thread_in_native, id=233256, stack(0x0000008e4d900000,0x0000008e4da00000)]
  0x000001d7018356f0 JavaThread "Thread-0 (ActiveMQ-client-global-scheduled-threads)" daemon [_thread_blocked, id=227380, stack(0x0000008e4db00000,0x0000008e4dc00000)]
  0x000001d70182f200 JavaThread "Thread-1 (ActiveMQ-client-global-scheduled-threads)" daemon [_thread_blocked, id=196096, stack(0x0000008e4dc00000,0x0000008e4dd00000)]
  0x000001d7018331c0 JavaThread "Live Reload Server" daemon [_thread_in_native, id=233740, stack(0x0000008e4e200000,0x0000008e4e300000)]
  0x000001d77eee1f80 JavaThread "DestroyJavaVM" [_thread_blocked, id=227800, stack(0x0000008e4ac00000,0x0000008e4ad00000)]
  0x000001d77eee2a20 JavaThread "Thread-1 (ActiveMQ-client-netty-threads)" daemon [_thread_in_native, id=232984, stack(0x0000008e4d400000,0x0000008e4d500000)]
  0x000001d77eee59f0 JavaThread "Thread-2 (ActiveMQ-client-global-scheduled-threads)" daemon [_thread_blocked, id=234332, stack(0x0000008e4f200000,0x0000008e4f300000)]
  0x000001d77eee2f70 JavaThread "Thread-3 (ActiveMQ-client-global-scheduled-threads)" daemon [_thread_blocked, id=230624, stack(0x0000008e4f600000,0x0000008e4f700000)]
  0x000001d77eee54a0 JavaThread "Thread-4 (ActiveMQ-client-global-scheduled-threads)" daemon [_thread_blocked, id=234300, stack(0x0000008e4fa00000,0x0000008e4fb00000)]
  0x000001d77eee6f30 JavaThread "Thread-2 (ActiveMQ-client-netty-threads)" daemon [_thread_in_native, id=40584, stack(0x0000008e4bd00000,0x0000008e4be00000)]
  0x000001d77eedfa50 JavaThread "Thread-3 (ActiveMQ-client-netty-threads)" daemon [_thread_in_native, id=233896, stack(0x0000008e4de00000,0x0000008e4df00000)]
  0x000001d77eb26680 JavaThread "Thread-4 (ActiveMQ-client-netty-threads)" daemon [_thread_in_native, id=233764, stack(0x0000008e4ab00000,0x0000008e4ac00000)]
  0x000001d77eb27120 JavaThread "Thread-5 (ActiveMQ-client-netty-threads)" daemon [_thread_in_native, id=233724, stack(0x0000008e4d200000,0x0000008e4d300000)]
  0x000001d701834700 JavaThread "Thread-6 (ActiveMQ-client-netty-threads)" daemon [_thread_in_native, id=231416, stack(0x0000008e4df00000,0x0000008e4e000000)]
  0x000001d77eee14e0 JavaThread "Thread-7 (ActiveMQ-client-netty-threads)" daemon [_thread_in_native, id=227580, stack(0x0000008e4bc00000,0x0000008e4bd00000)]
  0x000001d77eee7480 JavaThread "Thread-8 (ActiveMQ-client-netty-threads)" daemon [_thread_in_native, id=228484, stack(0x0000008e4d700000,0x0000008e4d800000)]
  0x000001d77eee34c0 JavaThread "Thread-9 (ActiveMQ-client-netty-threads)" daemon [_thread_in_native, id=233576, stack(0x0000008e4e100000,0x0000008e4e200000)]
  0x000001d702356670 JavaThread "Thread-10 (ActiveMQ-client-netty-threads)" daemon [_thread_in_native, id=232712, stack(0x0000008e4cf00000,0x0000008e4d000000)]
  0x000001d70235c0c0 JavaThread "Thread-11 (ActiveMQ-client-netty-threads)" daemon [_thread_in_native, id=233852, stack(0x0000008e4d500000,0x0000008e4d600000)]
  0x000001d702358ba0 JavaThread "Thread-12 (ActiveMQ-client-netty-threads)" daemon [_thread_in_native, id=227536, stack(0x0000008e4e600000,0x0000008e4e700000)]
  0x000001d70182f750 JavaThread "Thread-13 (ActiveMQ-client-netty-threads)" daemon [_thread_in_native, id=215640, stack(0x0000008e4cd00000,0x0000008e4ce00000)]
  0x000001d70182e760 JavaThread "Thread-14 (ActiveMQ-client-netty-threads)" daemon [_thread_in_native, id=203112, stack(0x0000008e4d800000,0x0000008e4d900000)]
  0x000001d7018351a0 JavaThread "Thread-15 (ActiveMQ-client-netty-threads)" daemon [_thread_in_native, id=234368, stack(0x0000008e4e700000,0x0000008e4e800000)]
  0x000001d70235a630 JavaThread "Thread-16 (ActiveMQ-client-netty-threads)" daemon [_thread_in_native, id=234212, stack(0x0000008e4ff00000,0x0000008e50000000)]
  0x000001d702356bc0 JavaThread "Thread-17 (ActiveMQ-client-netty-threads)" daemon [_thread_in_native, id=235152, stack(0x0000008e4e300000,0x0000008e4e400000)]
  0x000001d702357bb0 JavaThread "Thread-18 (ActiveMQ-client-netty-threads)" daemon [_thread_in_native, id=235184, stack(0x0000008e4ea00000,0x0000008e4eb00000)]
  0x000001d77eee4f50 JavaThread "Thread-19 (ActiveMQ-client-netty-threads)" daemon [_thread_in_native, id=234768, stack(0x0000008e4e400000,0x0000008e4e500000)]
  0x000001d77eee3a10 JavaThread "Thread-20 (ActiveMQ-client-netty-threads)" daemon [_thread_in_native, id=235484, stack(0x0000008e4e800000,0x0000008e4e900000)]
  0x000001d702359b90 JavaThread "Thread-21 (ActiveMQ-client-netty-threads)" daemon [_thread_in_native, id=233332, stack(0x0000008e4ee00000,0x0000008e4ef00000)]
  0x000001d701834c50 JavaThread "Thread-22 (ActiveMQ-client-netty-threads)" daemon [_thread_in_native, id=234184, stack(0x0000008e4d000000,0x0000008e4d100000)]
  0x000001d701830c90 JavaThread "Thread-23 (ActiveMQ-client-netty-threads)" daemon [_thread_in_native, id=234716, stack(0x0000008e4e000000,0x0000008e4e100000)]
  0x000001d701833c60 JavaThread "RMI TCP Connection(78)-127.0.0.1" daemon [_thread_in_native, id=218728, stack(0x0000008e50900000,0x0000008e50a00000)]
  0x000001d77eb26bd0 JavaThread "Thread-15 (ActiveMQ-client-global-threads)" daemon [_thread_blocked, id=237424, stack(0x0000008e4d600000,0x0000008e4d700000)]
  0x000001d77eb28660 JavaThread "Thread-14 (ActiveMQ-client-global-threads)" daemon [_thread_blocked, id=234092, stack(0x0000008e4da00000,0x0000008e4db00000)]
  0x000001d701835c40 JavaThread "RMI TCP Connection(76)-127.0.0.1" daemon [_thread_in_native, id=234400, stack(0x0000008e50700000,0x0000008e50800000)]
  0x000001d70182fca0 JavaThread "RMI TCP Connection(77)-127.0.0.1" daemon [_thread_in_native, id=209400, stack(0x0000008e50a00000,0x0000008e50b00000)]
  0x000001d7018301f0 JavaThread "Atomikos:1" daemon [_thread_blocked, id=232140, stack(0x0000008e4dd00000,0x0000008e4de00000)]
  0x000001d701830740 JavaThread "Catalina-utility-1" [_thread_blocked, id=233736, stack(0x0000008e4eb00000,0x0000008e4ec00000)]
  0x000001d7018311e0 JavaThread "Catalina-utility-2" [_thread_blocked, id=224396, stack(0x0000008e4ec00000,0x0000008e4ed00000)]
  0x000001d701831730 JavaThread "container-0" [_thread_blocked, id=235840, stack(0x0000008e4ed00000,0x0000008e4ee00000)]
  0x000001d701831c80 JavaThread "Atomikos:2" daemon [_thread_blocked, id=237152, stack(0x0000008e4ef00000,0x0000008e4f000000)]
  0x000001d702358650 JavaThread "Atomikos:3" daemon [_thread_blocked, id=234940, stack(0x0000008e4f000000,0x0000008e4f100000)]
  0x000001d702359640 JavaThread "File Watcher" daemon [_thread_blocked, id=232672, stack(0x0000008e4f400000,0x0000008e4f500000)]
=>0x000001d70235cb60 JavaThread "http-nio-8080-exec-1" daemon [_thread_in_Java, id=230464, stack(0x0000008e4f500000,0x0000008e4f600000)]
  0x000001d70235a0e0 JavaThread "http-nio-8080-exec-2" daemon [_thread_blocked, id=229604, stack(0x0000008e4f700000,0x0000008e4f800000)]
  0x000001d702357110 JavaThread "http-nio-8080-exec-3" daemon [_thread_blocked, id=234740, stack(0x0000008e4f800000,0x0000008e4f900000)]
  0x000001d702355130 JavaThread "http-nio-8080-exec-4" daemon [_thread_blocked, id=237196, stack(0x0000008e4f900000,0x0000008e4fa00000)]
  0x000001d702357660 JavaThread "http-nio-8080-exec-5" daemon [_thread_blocked, id=235796, stack(0x0000008e4fb00000,0x0000008e4fc00000)]
  0x000001d702355680 JavaThread "http-nio-8080-exec-6" daemon [_thread_blocked, id=236460, stack(0x0000008e4fc00000,0x0000008e4fd00000)]
  0x000001d70235ab80 JavaThread "http-nio-8080-exec-7" daemon [_thread_blocked, id=233328, stack(0x0000008e4fd00000,0x0000008e4fe00000)]
  0x000001d70235b0d0 JavaThread "http-nio-8080-exec-8" daemon [_thread_blocked, id=237388, stack(0x0000008e4fe00000,0x0000008e4ff00000)]
  0x000001d70235b620 JavaThread "http-nio-8080-exec-9" daemon [_thread_blocked, id=235424, stack(0x0000008e50000000,0x0000008e50100000)]
  0x000001d70235bb70 JavaThread "http-nio-8080-exec-10" daemon [_thread_blocked, id=232108, stack(0x0000008e50100000,0x0000008e50200000)]
  0x000001d702355bd0 JavaThread "http-nio-8080-Poller" daemon [_thread_in_native, id=197156, stack(0x0000008e50200000,0x0000008e50300000)]
  0x000001d702356120 JavaThread "http-nio-8080-Acceptor" daemon [_thread_in_native, id=236548, stack(0x0000008e50300000,0x0000008e50400000)]
  0x000001d77eedffa0 JavaThread "org.springframework.jms.JmsListenerEndpointContainer#2-1" [_thread_blocked, id=236812, stack(0x0000008e50400000,0x0000008e50500000)]
  0x000001d77eee04f0 JavaThread "org.springframework.jms.JmsListenerEndpointContainer#1-1" [_thread_blocked, id=236528, stack(0x0000008e50500000,0x0000008e50600000)]
  0x000001d77eee69e0 JavaThread "org.springframework.jms.JmsListenerEndpointContainer#0-1" [_thread_blocked, id=234160, stack(0x0000008e50600000,0x0000008e50700000)]
  0x000001d77eee5f40 JavaThread "Atomikos:4" daemon [_thread_blocked, id=236484, stack(0x0000008e50b00000,0x0000008e50c00000)]
  0x000001d77eee0a40 JavaThread "Atomikos:5" daemon [_thread_blocked, id=235988, stack(0x0000008e50c00000,0x0000008e50d00000)]
  0x000001d77eee6490 JavaThread "Atomikos:6" daemon [_thread_blocked, id=236160, stack(0x0000008e50d00000,0x0000008e50e00000)]

Other Threads:
  0x000001d779f3a050 VMThread "VM Thread" [stack: 0x0000008e4b200000,0x0000008e4b300000] [id=232980]
  0x000001d7624d7b60 WatcherThread "VM Periodic Task Thread" [stack: 0x0000008e4c500000,0x0000008e4c600000] [id=227376]
  0x000001d76254aaa0 WorkerThread "GC Thread#0" [stack: 0x0000008e4ad00000,0x0000008e4ae00000] [id=228764]
  0x000001d77edc10e0 WorkerThread "GC Thread#1" [stack: 0x0000008e4c600000,0x0000008e4c700000] [id=223876]
  0x000001d77edc13b0 WorkerThread "GC Thread#2" [stack: 0x0000008e4c700000,0x0000008e4c800000] [id=233360]
  0x000001d77edc1680 WorkerThread "GC Thread#3" [stack: 0x0000008e4c800000,0x0000008e4c900000] [id=233628]
  0x000001d77edc1950 WorkerThread "GC Thread#4" [stack: 0x0000008e4c900000,0x0000008e4ca00000] [id=229064]
  0x000001d77ede1210 WorkerThread "GC Thread#5" [stack: 0x0000008e4ca00000,0x0000008e4cb00000] [id=233676]
  0x000001d77ede17b0 WorkerThread "GC Thread#6" [stack: 0x0000008e4cb00000,0x0000008e4cc00000] [id=231668]
  0x000001d77ede1d50 WorkerThread "GC Thread#7" [stack: 0x0000008e4cc00000,0x0000008e4cd00000] [id=233112]
  0x000001d76255c200 ConcurrentGCThread "G1 Main Marker" [stack: 0x0000008e4ae00000,0x0000008e4af00000] [id=233296]
  0x000001d76255cc30 WorkerThread "G1 Conc#0" [stack: 0x0000008e4af00000,0x0000008e4b000000] [id=220512]
  0x000001d77ede22f0 WorkerThread "G1 Conc#1" [stack: 0x0000008e4d300000,0x0000008e4d400000] [id=229852]
  0x000001d76258ebb0 ConcurrentGCThread "G1 Refine#0" [stack: 0x0000008e4b000000,0x0000008e4b100000] [id=232812]
  0x000001d779df4f50 ConcurrentGCThread "G1 Service" [stack: 0x0000008e4b100000,0x0000008e4b200000] [id=194352]

Threads with active compile tasks:

VM state: not at safepoint (normal execution)

VM Mutex/Monitor currently owned by a thread: None

Heap address: 0x0000000701400000, size: 4076 MB, Compressed Oops mode: Zero based, Oop shift amount: 3

CDS archive(s) mapped at: [0x0000000800000000-0x0000000800c40000-0x0000000800c40000), size 12845056, SharedBaseAddress: 0x0000000800000000, ArchiveRelocationMode: 0.
Compressed class space mapped at: 0x0000000801000000-0x0000000841000000, reserved size: 1073741824
Narrow klass base: 0x0000000800000000, Narrow klass shift: 0, Narrow klass range: 0x100000000

GC Precious Log:
 CardTable entry size: 512
 Card Set container configuration: InlinePtr #cards 4 size 8 Array Of Cards #cards 8 size 32 Howl #buckets 8 coarsen threshold 3686 Howl Bitmap #cards 512 size 80 coarsen threshold 460 Card regions per heap region 1 cards per card region 4096
 CPUs: 8 total, 8 available
 Memory: 16303M
 Large Page Support: Disabled
 NUMA Support: Disabled
 Compressed Oops: Enabled (Zero based)
 Heap Region Size: 2M
 Heap Min Capacity: 8M
 Heap Initial Capacity: 256M
 Heap Max Capacity: 4076M
 Pre-touch: Disabled
 Parallel Workers: 8
 Concurrent Workers: 2
 Concurrent Refinement Workers: 8
 Periodic GC: Disabled

Heap:
 garbage-first heap   total 102400K, used 57954K [0x0000000701400000, 0x0000000800000000)
  region size 2048K, 14 young (28672K), 2 survivors (4096K)
 Metaspace       used 80739K, committed 81792K, reserved 1179648K
  class space    used 10893K, committed 11328K, reserved 1048576K

Heap Regions: E=young(eden), S=young(survivor), O=old, HS=humongous(starts), HC=humongous(continues), CS=collection set, F=free, OA=open archive, CA=closed archive, TAMS=top-at-mark-start (previous, next)
|   0|0x0000000701400000, 0x0000000701600000, 0x0000000701600000|100%| O|  |TAMS 0x0000000701600000, 0x0000000701400000| Untracked 
|   1|0x0000000701600000, 0x00000007017ffff0, 0x0000000701800000| 99%| O|  |TAMS 0x00000007017ffff0, 0x0000000701600000| Untracked 
|   2|0x0000000701800000, 0x0000000701a00000, 0x0000000701a00000|100%| O|  |TAMS 0x0000000701a00000, 0x0000000701800000| Untracked 
|   3|0x0000000701a00000, 0x0000000701bffff8, 0x0000000701c00000| 99%| O|  |TAMS 0x0000000701bffff8, 0x0000000701a00000| Untracked 
|   4|0x0000000701c00000, 0x0000000701dff5c8, 0x0000000701e00000| 99%| O|  |TAMS 0x0000000701dff5c8, 0x0000000701c00000| Untracked 
|   5|0x0000000701e00000, 0x0000000701fff6f8, 0x0000000702000000| 99%| O|  |TAMS 0x0000000701fff6f8, 0x0000000701e00000| Untracked 
|   6|0x0000000702000000, 0x00000007021fffe8, 0x0000000702200000| 99%| O|  |TAMS 0x00000007021fffe8, 0x0000000702000000| Untracked 
|   7|0x0000000702200000, 0x00000007023fffc8, 0x0000000702400000| 99%| O|  |TAMS 0x00000007023fffc8, 0x0000000702200000| Untracked 
|   8|0x0000000702400000, 0x00000007025fffd8, 0x0000000702600000| 99%| O|  |TAMS 0x00000007025fffd8, 0x0000000702400000| Untracked 
|   9|0x0000000702600000, 0x00000007027fffe0, 0x0000000702800000| 99%| O|  |TAMS 0x00000007027fffe0, 0x0000000702600000| Untracked 
|  10|0x0000000702800000, 0x00000007029fffe8, 0x0000000702a00000| 99%| O|  |TAMS 0x0000000702800000, 0x0000000702800000| Untracked 
|  11|0x0000000702a00000, 0x0000000702c00000, 0x0000000702c00000|100%| O|  |TAMS 0x0000000702c00000, 0x0000000702a00000| Untracked 
|  12|0x0000000702c00000, 0x0000000702dffff0, 0x0000000702e00000| 99%| O|  |TAMS 0x0000000702c00000, 0x0000000702c00000| Untracked 
|  13|0x0000000702e00000, 0x0000000702f9ab18, 0x0000000703000000| 80%| O|  |TAMS 0x0000000702e00000, 0x0000000702e00000| Untracked 
|  14|0x0000000703000000, 0x00000007030b0a58, 0x0000000703200000| 34%| O|  |TAMS 0x0000000703000000, 0x0000000703000000| Untracked 
|  15|0x0000000703200000, 0x0000000703398008, 0x0000000703400000| 79%| O|  |TAMS 0x0000000703200000, 0x0000000703200000| Untracked 
|  16|0x0000000703400000, 0x0000000703522710, 0x0000000703600000| 56%| O|  |TAMS 0x0000000703400000, 0x0000000703400000| Untracked 
|  17|0x0000000703600000, 0x0000000703600000, 0x0000000703800000|  0%| F|  |TAMS 0x0000000703600000, 0x0000000703600000| Untracked 
|  18|0x0000000703800000, 0x0000000703800000, 0x0000000703a00000|  0%| F|  |TAMS 0x0000000703800000, 0x0000000703800000| Untracked 
|  19|0x0000000703a00000, 0x0000000703a00000, 0x0000000703c00000|  0%| F|  |TAMS 0x0000000703a00000, 0x0000000703a00000| Untracked 
|  20|0x0000000703c00000, 0x0000000703c00000, 0x0000000703e00000|  0%| F|  |TAMS 0x0000000703c00000, 0x0000000703c00000| Untracked 
|  21|0x0000000703e00000, 0x0000000703e00000, 0x0000000704000000|  0%| F|  |TAMS 0x0000000703e00000, 0x0000000703e00000| Untracked 
|  22|0x0000000704000000, 0x0000000704000000, 0x0000000704200000|  0%| F|  |TAMS 0x0000000704000000, 0x0000000704000000| Untracked 
|  23|0x0000000704200000, 0x0000000704200000, 0x0000000704400000|  0%| F|  |TAMS 0x0000000704200000, 0x0000000704200000| Untracked 
|  24|0x0000000704400000, 0x0000000704400000, 0x0000000704600000|  0%| F|  |TAMS 0x0000000704400000, 0x0000000704400000| Untracked 
|  25|0x0000000704600000, 0x00000007047942e0, 0x0000000704800000| 78%| S|CS|TAMS 0x0000000704600000, 0x0000000704600000| Complete 
|  26|0x0000000704800000, 0x0000000704a00000, 0x0000000704a00000|100%| S|CS|TAMS 0x0000000704800000, 0x0000000704800000| Complete 
|  27|0x0000000704a00000, 0x0000000704a00000, 0x0000000704c00000|  0%| F|  |TAMS 0x0000000704a00000, 0x0000000704a00000| Untracked 
|  28|0x0000000704c00000, 0x0000000704c00000, 0x0000000704e00000|  0%| F|  |TAMS 0x0000000704c00000, 0x0000000704c00000| Untracked 
|  29|0x0000000704e00000, 0x0000000704e00000, 0x0000000705000000|  0%| F|  |TAMS 0x0000000704e00000, 0x0000000704e00000| Untracked 
|  30|0x0000000705000000, 0x0000000705000000, 0x0000000705200000|  0%| F|  |TAMS 0x0000000705000000, 0x0000000705000000| Untracked 
|  31|0x0000000705200000, 0x0000000705200000, 0x0000000705400000|  0%| F|  |TAMS 0x0000000705200000, 0x0000000705200000| Untracked 
|  32|0x0000000705400000, 0x0000000705400000, 0x0000000705600000|  0%| F|  |TAMS 0x0000000705400000, 0x0000000705400000| Untracked 
|  33|0x0000000705600000, 0x0000000705600000, 0x0000000705800000|  0%| F|  |TAMS 0x0000000705600000, 0x0000000705600000| Untracked 
|  34|0x0000000705800000, 0x0000000705800000, 0x0000000705a00000|  0%| F|  |TAMS 0x0000000705800000, 0x0000000705800000| Untracked 
|  35|0x0000000705a00000, 0x0000000705a00000, 0x0000000705c00000|  0%| F|  |TAMS 0x0000000705a00000, 0x0000000705a00000| Untracked 
|  36|0x0000000705c00000, 0x0000000705c00000, 0x0000000705e00000|  0%| F|  |TAMS 0x0000000705c00000, 0x0000000705c00000| Untracked 
|  37|0x0000000705e00000, 0x0000000705e00000, 0x0000000706000000|  0%| F|  |TAMS 0x0000000705e00000, 0x0000000705e00000| Untracked 
|  38|0x0000000706000000, 0x000000070613e1f8, 0x0000000706200000| 62%| E|  |TAMS 0x0000000706000000, 0x0000000706000000| Complete 
|  39|0x0000000706200000, 0x0000000706400000, 0x0000000706400000|100%| E|CS|TAMS 0x0000000706200000, 0x0000000706200000| Complete 
|  40|0x0000000706400000, 0x0000000706600000, 0x0000000706600000|100%| E|CS|TAMS 0x0000000706400000, 0x0000000706400000| Complete 
|  41|0x0000000706600000, 0x0000000706800000, 0x0000000706800000|100%| E|CS|TAMS 0x0000000706600000, 0x0000000706600000| Complete 
|  42|0x0000000706800000, 0x0000000706a00000, 0x0000000706a00000|100%| E|CS|TAMS 0x0000000706800000, 0x0000000706800000| Complete 
|  43|0x0000000706a00000, 0x0000000706c00000, 0x0000000706c00000|100%| E|CS|TAMS 0x0000000706a00000, 0x0000000706a00000| Complete 
|  44|0x0000000706c00000, 0x0000000706e00000, 0x0000000706e00000|100%| E|CS|TAMS 0x0000000706c00000, 0x0000000706c00000| Complete 
|  45|0x0000000706e00000, 0x0000000707000000, 0x0000000707000000|100%| E|CS|TAMS 0x0000000706e00000, 0x0000000706e00000| Complete 
|  46|0x0000000707000000, 0x0000000707200000, 0x0000000707200000|100%| E|CS|TAMS 0x0000000707000000, 0x0000000707000000| Complete 
|  47|0x0000000707200000, 0x0000000707400000, 0x0000000707400000|100%| E|CS|TAMS 0x0000000707200000, 0x0000000707200000| Complete 
|  48|0x0000000707400000, 0x0000000707600000, 0x0000000707600000|100%| E|CS|TAMS 0x0000000707400000, 0x0000000707400000| Complete 
|  49|0x0000000707600000, 0x0000000707800000, 0x0000000707800000|100%| E|CS|TAMS 0x0000000707600000, 0x0000000707600000| Complete 

Card table byte_map: [0x000001d76e520000,0x000001d76ed20000] _byte_map_base: 0x000001d76ad16000

Marking Bits (Prev, Next): (CMBitMap*) 0x000001d76254b0d0, (CMBitMap*) 0x000001d76254b110
 Prev Bits: [0x000001d76f520000, 0x000001d7734d0000)
 Next Bits: [0x000001d7734d0000, 0x000001d777480000)

Polling page: 0x000001d760bd0000

Metaspace:

Usage:
  Non-class:     68.21 MB used.
      Class:     10.64 MB used.
       Both:     78.85 MB used.

Virtual space:
  Non-class space:      128.00 MB reserved,      68.81 MB ( 54%) committed,  2 nodes.
      Class space:        1.00 GB reserved,      11.06 MB (  1%) committed,  1 nodes.
             Both:        1.12 GB reserved,      79.88 MB (  7%) committed. 

Chunk freelists:
   Non-Class:  2.51 MB
       Class:  868.00 KB
        Both:  3.36 MB

MaxMetaspaceSize: unlimited
CompressedClassSpaceSize: 1.00 GB
Initial GC threshold: 21.00 MB
Current GC threshold: 132.81 MB
CDS: on
MetaspaceReclaimPolicy: balanced
 - commit_granule_bytes: 65536.
 - commit_granule_words: 8192.
 - virtual_space_node_default_size: 8388608.
 - enlarge_chunks_in_place: 1.
 - new_chunks_are_fully_committed: 0.
 - uncommit_free_chunks: 1.
 - use_allocation_guard: 0.


Internal statistics:

num_allocs_failed_limit: 9.
num_arena_births: 2452.
num_arena_deaths: 1510.
num_vsnodes_births: 3.
num_vsnodes_deaths: 0.
num_space_committed: 1283.
num_space_uncommitted: 5.
num_chunks_returned_to_freelist: 2076.
num_chunks_taken_from_freelist: 6160.
num_chunk_merges: 429.
num_chunk_splits: 3592.
num_chunks_enlarged: 2639.
num_inconsistent_stats: 0.

CodeCache: size=49152Kb used=23111Kb max_used=24229Kb free=26040Kb
 bounds [0x000001d76a490000, 0x000001d76bca0000, 0x000001d76d490000]
 total_blobs=13601 nmethods=12826 adapters=698
 compilation: enabled
              stopped_count=0, restarted_count=0
 full_count=0

Compilation events (20 events):
Event: 1855.891 Thread 0x000001d779f79500 12949       1       java.io.ObjectInputFilter$Config::getSerialFilterFactory (21 bytes)
Event: 1855.891 Thread 0x000001d779f79500 nmethod 12949 0x000001d76ba62110 code [0x000001d76ba622c0, 0x000001d76ba62428]
Event: 1855.902 Thread 0x000001d779f79500 12950       1       org.springframework.core.ResolvableType::forInstance (43 bytes)
Event: 1855.902 Thread 0x000001d779f79500 nmethod 12950 0x000001d76ba61b10 code [0x000001d76ba61ce0, 0x000001d76ba61f98]
Event: 1865.611 Thread 0x000001d779f79500 12952       1       sun.nio.ch.SelectionKeyImpl::channel (8 bytes)
Event: 1865.611 Thread 0x000001d702034040 12951       1       sun.nio.ch.SelectionKeyImpl::interestOps (50 bytes)
Event: 1865.611 Thread 0x000001d779f79500 nmethod 12952 0x000001d76ba61810 code [0x000001d76ba619a0, 0x000001d76ba61a98]
Event: 1865.612 Thread 0x000001d702034040 nmethod 12951 0x000001d76ba60b90 code [0x000001d76ba60dc0, 0x000001d76ba613e8]
Event: 1870.468 Thread 0x000001d702034040 12953       1       java.util.concurrent.atomic.AtomicReference::<init> (5 bytes)
Event: 1870.468 Thread 0x000001d702034040 nmethod 12953 0x000001d76ba60890 code [0x000001d76ba60a20, 0x000001d76ba60ad8]
Event: 1870.469 Thread 0x000001d702034040 12954   !   1       org.apache.tomcat.util.http.parser.HttpParser::isNumeric (9 bytes)
Event: 1870.469 Thread 0x000001d702034040 nmethod 12954 0x000001d76ba60510 code [0x000001d76ba606a0, 0x000001d76ba607b8]
Event: 1870.472 Thread 0x000001d702034040 12955       1       com.fasterxml.jackson.databind.introspect.AnnotationCollector$NoAnnotations::get (2 bytes)
Event: 1870.472 Thread 0x000001d702034040 nmethod 12955 0x000001d76ba60210 code [0x000001d76ba603a0, 0x000001d76ba60478]
Event: 1870.472 Thread 0x000001d702034040 12956       1       com.fasterxml.jackson.databind.cfg.MapperConfig::getAnnotationIntrospector (22 bytes)
Event: 1870.472 Thread 0x000001d779f79500 12957       1       com.fasterxml.jackson.databind.DeserializationContext::getConfig (5 bytes)
Event: 1870.472 Thread 0x000001d779f79500 nmethod 12957 0x000001d76ba5ff10 code [0x000001d76ba600a0, 0x000001d76ba60178]
Event: 1870.473 Thread 0x000001d779f79500 12958       1       com.fasterxml.jackson.databind.introspect.BasicBeanDescription::getClassInfo (5 bytes)
Event: 1870.473 Thread 0x000001d702034040 nmethod 12956 0x000001d76ba5fb10 code [0x000001d76ba5fcc0, 0x000001d76ba5fe18]
Event: 1870.473 Thread 0x000001d779f79500 nmethod 12958 0x000001d76ba5f810 code [0x000001d76ba5f9a0, 0x000001d76ba5fa78]

GC Heap History (20 events):
Event: 1145.741 GC heap before
{Heap before GC invocations=49 (full 10):
 garbage-first heap   total 102400K, used 77908K [0x0000000701400000, 0x0000000800000000)
  region size 2048K, 23 young (47104K), 2 survivors (4096K)
 Metaspace       used 80761K, committed 81600K, reserved 1179648K
  class space    used 10909K, committed 11328K, reserved 1048576K
}
Event: 1145.745 GC heap after
{Heap after GC invocations=50 (full 10):
 garbage-first heap   total 102400K, used 37419K [0x0000000701400000, 0x0000000800000000)
  region size 2048K, 2 young (4096K), 2 survivors (4096K)
 Metaspace       used 80761K, committed 81600K, reserved 1179648K
  class space    used 10909K, committed 11328K, reserved 1048576K
}
Event: 1470.376 GC heap before
{Heap before GC invocations=50 (full 10):
 garbage-first heap   total 102400K, used 76331K [0x0000000701400000, 0x0000000800000000)
  region size 2048K, 21 young (43008K), 2 survivors (4096K)
 Metaspace       used 80815K, committed 81664K, reserved 1179648K
  class space    used 10916K, committed 11328K, reserved 1048576K
}
Event: 1470.378 GC heap after
{Heap after GC invocations=51 (full 10):
 garbage-first heap   total 102400K, used 37999K [0x0000000701400000, 0x0000000800000000)
  region size 2048K, 1 young (2048K), 1 survivors (2048K)
 Metaspace       used 80815K, committed 81664K, reserved 1179648K
  class space    used 10916K, committed 11328K, reserved 1048576K
}
Event: 1650.735 GC heap before
{Heap before GC invocations=51 (full 10):
 garbage-first heap   total 102400K, used 58479K [0x0000000701400000, 0x0000000800000000)
  region size 2048K, 12 young (24576K), 1 survivors (2048K)
 Metaspace       used 80819K, committed 81664K, reserved 1179648K
  class space    used 10917K, committed 11328K, reserved 1048576K
}
Event: 1650.783 GC heap after
{Heap after GC invocations=52 (full 11):
 garbage-first heap   total 102400K, used 28990K [0x0000000701400000, 0x0000000800000000)
  region size 2048K, 0 young (0K), 0 survivors (0K)
 Metaspace       used 80345K, committed 81600K, reserved 1179648K
  class space    used 10845K, committed 11328K, reserved 1048576K
}
Event: 1651.809 GC heap before
{Heap before GC invocations=52 (full 11):
 garbage-first heap   total 102400K, used 78142K [0x0000000701400000, 0x0000000800000000)
  region size 2048K, 25 young (51200K), 0 survivors (0K)
 Metaspace       used 80588K, committed 81600K, reserved 1179648K
  class space    used 10900K, committed 11328K, reserved 1048576K
}
Event: 1651.812 GC heap after
{Heap after GC invocations=53 (full 11):
 garbage-first heap   total 102400K, used 33604K [0x0000000701400000, 0x0000000800000000)
  region size 2048K, 3 young (6144K), 3 survivors (6144K)
 Metaspace       used 80588K, committed 81600K, reserved 1179648K
  class space    used 10900K, committed 11328K, reserved 1048576K
}
Event: 1694.410 GC heap before
{Heap before GC invocations=53 (full 11):
 garbage-first heap   total 102400K, used 64324K [0x0000000701400000, 0x0000000800000000)
  region size 2048K, 19 young (38912K), 3 survivors (6144K)
 Metaspace       used 80876K, committed 81728K, reserved 1179648K
  class space    used 10931K, committed 11328K, reserved 1048576K
}
Event: 1694.463 GC heap after
{Heap after GC invocations=54 (full 12):
 garbage-first heap   total 102400K, used 31819K [0x0000000701400000, 0x0000000800000000)
  region size 2048K, 0 young (0K), 0 survivors (0K)
 Metaspace       used 80553K, committed 81664K, reserved 1179648K
  class space    used 10894K, committed 11328K, reserved 1048576K
}
Event: 1695.100 GC heap before
{Heap before GC invocations=54 (full 12):
 garbage-first heap   total 102400K, used 76875K [0x0000000701400000, 0x0000000800000000)
  region size 2048K, 23 young (47104K), 0 survivors (0K)
 Metaspace       used 80647K, committed 81664K, reserved 1179648K
  class space    used 10907K, committed 11328K, reserved 1048576K
}
Event: 1695.102 GC heap after
{Heap after GC invocations=55 (full 12):
 garbage-first heap   total 102400K, used 35584K [0x0000000701400000, 0x0000000800000000)
  region size 2048K, 2 young (4096K), 2 survivors (4096K)
 Metaspace       used 80647K, committed 81664K, reserved 1179648K
  class space    used 10907K, committed 11328K, reserved 1048576K
}
Event: 1821.786 GC heap before
{Heap before GC invocations=55 (full 12):
 garbage-first heap   total 102400K, used 68352K [0x0000000701400000, 0x0000000800000000)
  region size 2048K, 19 young (38912K), 2 survivors (4096K)
 Metaspace       used 80808K, committed 81728K, reserved 1179648K
  class space    used 10917K, committed 11328K, reserved 1048576K
}
Event: 1821.829 GC heap after
{Heap after GC invocations=56 (full 13):
 garbage-first heap   total 102400K, used 32063K [0x0000000701400000, 0x0000000800000000)
  region size 2048K, 0 young (0K), 0 survivors (0K)
 Metaspace       used 80560K, committed 81664K, reserved 1179648K
  class space    used 10895K, committed 11328K, reserved 1048576K
}
Event: 1822.343 GC heap before
{Heap before GC invocations=56 (full 13):
 garbage-first heap   total 102400K, used 75071K [0x0000000701400000, 0x0000000800000000)
  region size 2048K, 22 young (45056K), 0 survivors (0K)
 Metaspace       used 80625K, committed 81664K, reserved 1179648K
  class space    used 10907K, committed 11328K, reserved 1048576K
}
Event: 1822.345 GC heap after
{Heap after GC invocations=57 (full 13):
 garbage-first heap   total 102400K, used 35500K [0x0000000701400000, 0x0000000800000000)
  region size 2048K, 2 young (4096K), 2 survivors (4096K)
 Metaspace       used 80625K, committed 81664K, reserved 1179648K
  class space    used 10907K, committed 11328K, reserved 1048576K
}
Event: 1854.508 GC heap before
{Heap before GC invocations=57 (full 13):
 garbage-first heap   total 102400K, used 60076K [0x0000000701400000, 0x0000000800000000)
  region size 2048K, 15 young (30720K), 2 survivors (4096K)
 Metaspace       used 80844K, committed 81792K, reserved 1179648K
  class space    used 10920K, committed 11328K, reserved 1048576K
}
Event: 1854.552 GC heap after
{Heap after GC invocations=58 (full 14):
 garbage-first heap   total 102400K, used 31762K [0x0000000701400000, 0x0000000800000000)
  region size 2048K, 0 young (0K), 0 survivors (0K)
 Metaspace       used 80478K, committed 81728K, reserved 1179648K
  class space    used 10869K, committed 11328K, reserved 1048576K
}
Event: 1855.683 GC heap before
{Heap before GC invocations=58 (full 14):
 garbage-first heap   total 102400K, used 76818K [0x0000000701400000, 0x0000000800000000)
  region size 2048K, 23 young (47104K), 0 survivors (0K)
 Metaspace       used 80570K, committed 81728K, reserved 1179648K
  class space    used 10882K, committed 11328K, reserved 1048576K
}
Event: 1855.685 GC heap after
{Heap after GC invocations=59 (full 14):
 garbage-first heap   total 102400K, used 35426K [0x0000000701400000, 0x0000000800000000)
  region size 2048K, 2 young (4096K), 2 survivors (4096K)
 Metaspace       used 80570K, committed 81728K, reserved 1179648K
  class space    used 10882K, committed 11328K, reserved 1048576K
}

Dll operation events (13 events):
Event: 0.019 Loaded shared library E:\apps\jdk-19\bin\java.dll
Event: 0.031 Loaded shared library E:\apps\jdk-19\bin\jsvml.dll
Event: 0.257 Loaded shared library E:\apps\jdk-19\bin\zip.dll
Event: 0.260 Loaded shared library E:\apps\jdk-19\bin\instrument.dll
Event: 0.267 Loaded shared library E:\apps\jdk-19\bin\net.dll
Event: 0.269 Loaded shared library E:\apps\jdk-19\bin\nio.dll
Event: 0.272 Loaded shared library E:\apps\jdk-19\bin\zip.dll
Event: 0.431 Loaded shared library E:\apps\jdk-19\bin\jimage.dll
Event: 0.470 Loaded shared library E:\apps\jdk-19\bin\management.dll
Event: 0.480 Loaded shared library E:\apps\jdk-19\bin\management_ext.dll
Event: 0.790 Loaded shared library E:\apps\jdk-19\bin\extnet.dll
Event: 0.838 Loaded shared library E:\apps\jdk-19\bin\verify.dll
Event: 3.055 Loaded shared library E:\apps\jdk-19\bin\sunmscapi.dll

Deoptimization events (20 events):
Event: 1855.866 Thread 0x000001d7018341b0 DEOPT PACKING pc=0x000001d76ada3cec sp=0x0000008e4e9fe190
Event: 1855.866 Thread 0x000001d7018341b0 DEOPT UNPACKING pc=0x000001d76a4f7543 sp=0x0000008e4e9fd650 mode 1
Event: 1855.866 Thread 0x000001d7018341b0 DEOPT PACKING pc=0x000001d76abaaf7c sp=0x0000008e4e9fe070
Event: 1855.866 Thread 0x000001d7018341b0 DEOPT UNPACKING pc=0x000001d76a4f7543 sp=0x0000008e4e9fd5d0 mode 1
Event: 1855.866 Thread 0x000001d7018341b0 DEOPT PACKING pc=0x000001d76ada3cec sp=0x0000008e4e9fe190
Event: 1855.866 Thread 0x000001d7018341b0 DEOPT UNPACKING pc=0x000001d76a4f7543 sp=0x0000008e4e9fd650 mode 1
Event: 1855.900 Thread 0x000001d7018341b0 DEOPT PACKING pc=0x000001d76aedf9ac sp=0x0000008e4e9fe2f0
Event: 1855.900 Thread 0x000001d7018341b0 DEOPT UNPACKING pc=0x000001d76a4f7543 sp=0x0000008e4e9fd858 mode 1
Event: 1855.900 Thread 0x000001d7018341b0 DEOPT PACKING pc=0x000001d76aedf9ac sp=0x0000008e4e9fe280
Event: 1855.900 Thread 0x000001d7018341b0 DEOPT UNPACKING pc=0x000001d76a4f7543 sp=0x0000008e4e9fd7e8 mode 1
Event: 1855.900 Thread 0x000001d7018341b0 DEOPT PACKING pc=0x000001d76aedf9ac sp=0x0000008e4e9fe210
Event: 1855.900 Thread 0x000001d7018341b0 DEOPT UNPACKING pc=0x000001d76a4f7543 sp=0x0000008e4e9fd778 mode 1
Event: 1870.471 Thread 0x000001d70235cb60 DEOPT PACKING pc=0x000001d76abc36b4 sp=0x0000008e4f5fc3c0
Event: 1870.471 Thread 0x000001d70235cb60 DEOPT UNPACKING pc=0x000001d76a4f7543 sp=0x0000008e4f5fb8f8 mode 1
Event: 1870.471 Thread 0x000001d70235cb60 DEOPT PACKING pc=0x000001d76abc4c7c sp=0x0000008e4f5fc4b0
Event: 1870.471 Thread 0x000001d70235cb60 DEOPT UNPACKING pc=0x000001d76a4f7543 sp=0x0000008e4f5fba60 mode 1
Event: 1870.471 Thread 0x000001d70235cb60 DEOPT PACKING pc=0x000001d76abc5e2c sp=0x0000008e4f5fc620
Event: 1870.471 Thread 0x000001d70235cb60 DEOPT UNPACKING pc=0x000001d76a4f7543 sp=0x0000008e4f5fbbd0 mode 1
Event: 1884.211 Thread 0x000001d70235cb60 DEOPT PACKING pc=0x000001d76b911eac sp=0x0000008e4f5fd790
Event: 1884.211 Thread 0x000001d70235cb60 DEOPT UNPACKING pc=0x000001d76a4f7543 sp=0x0000008e4f5fcc38 mode 0

Classes loaded (20 events):
Event: 1143.967 Loading class sun/util/resources/LocaleData$SupplementaryStrategy
Event: 1143.968 Loading class sun/util/resources/LocaleData$SupplementaryStrategy done
Event: 1143.968 Loading class sun/text/resources/JavaTimeSupplementary
Event: 1143.968 Loading class sun/text/resources/JavaTimeSupplementary done
Event: 1143.969 Loading class sun/text/resources/JavaTimeSupplementary_en
Event: 1143.969 Loading class sun/text/resources/JavaTimeSupplementary_en done
Event: 1143.970 Loading class sun/util/resources/ParallelListResourceBundle$KeySet
Event: 1143.970 Loading class sun/util/resources/ParallelListResourceBundle$KeySet done
Event: 1143.971 Loading class sun/util/locale/provider/CalendarDataUtility$CalendarFieldValueNameGetter
Event: 1143.971 Loading class sun/util/locale/provider/CalendarDataUtility$CalendarFieldValueNameGetter done
Event: 1145.618 Loading class sun/nio/fs/WindowsChannelFactory$2
Event: 1145.618 Loading class sun/nio/fs/WindowsChannelFactory$2 done
Event: 1145.618 Loading class sun/nio/ch/ChannelOutputStream
Event: 1145.618 Loading class sun/nio/ch/ChannelOutputStream done
Event: 1145.746 Loading class java/io/CharArrayWriter
Event: 1145.746 Loading class java/io/CharArrayWriter done
Event: 1189.759 Loading class java/util/concurrent/locks/ReentrantReadWriteLock$Sync$HoldCounter
Event: 1189.759 Loading class java/util/concurrent/locks/ReentrantReadWriteLock$Sync$HoldCounter done
Event: 1651.951 Loading class java/time/DurationEditor
Event: 1651.951 Loading class java/time/DurationEditor done

Classes unloaded (20 events):
Event: 1854.525 Thread 0x000001d779f3a050 Unloading class 0x000000080199d800 'jdk/proxy8/$Proxy151'
Event: 1854.525 Thread 0x000001d779f3a050 Unloading class 0x00000008019b0338 'com/sandpit/spring/jta/simple/entity/StockItem$HibernateInstantiator$po3uir8c'
Event: 1854.525 Thread 0x000001d779f3a050 Unloading class 0x00000008019b0000 'com/sandpit/spring/jta/simple/entity/StockItem$HibernateProxy$obffSWso'
Event: 1854.525 Thread 0x000001d779f3a050 Unloading class 0x00000008019b1da8 'com/sandpit/spring/jta/simple/entity/OrderItem$HibernateInstantiator$8rrLQGNf'
Event: 1854.525 Thread 0x000001d779f3a050 Unloading class 0x00000008019b1a70 'com/sandpit/spring/jta/simple/entity/OrderItem$HibernateProxy$v58lq4Bm'
Event: 1854.525 Thread 0x000001d779f3a050 Unloading class 0x00000008019b1800 'com/sandpit/spring/jta/simple/JmsConfiguration$$SpringCGLIB$$2'
Event: 1854.525 Thread 0x000001d779f3a050 Unloading class 0x0000000801a01458 'com/sandpit/spring/jta/simple/JmsConfiguration$$SpringCGLIB$$1'
Event: 1854.525 Thread 0x000001d779f3a050 Unloading class 0x0000000801a01220 'com/sandpit/spring/jta/simple/JmsConfiguration$$SpringCGLIB$$0'
Event: 1854.525 Thread 0x000001d779f3a050 Unloading class 0x0000000801a01000 'com/sandpit/spring/jta/simple/DistributedTransactionsApplication$$SpringCGLIB$$0'
Event: 1854.525 Thread 0x000001d779f3a050 Unloading class 0x00000008013fc410 'com/sandpit/spring/jta/simple/entity/StockItem'
Event: 1854.525 Thread 0x000001d779f3a050 Unloading class 0x00000008013fc228 'com/sandpit/spring/jta/simple/repository/StockItemRepository'
Event: 1854.525 Thread 0x000001d779f3a050 Unloading class 0x00000008013fc000 'com/sandpit/spring/jta/simple/entity/OrderItem'
Event: 1854.525 Thread 0x000001d779f3a050 Unloading class 0x0000000801b07608 'com/sandpit/spring/jta/simple/repository/OrderItemRepository'
Event: 1854.525 Thread 0x000001d779f3a050 Unloading class 0x00000008013fd420 'com/sandpit/spring/jta/simple/service/StockService'
Event: 1854.525 Thread 0x000001d779f3a050 Unloading class 0x00000008013fd210 'com/sandpit/spring/jta/simple/service/OrderService'
Event: 1854.525 Thread 0x000001d779f3a050 Unloading class 0x00000008013fd000 'com/sandpit/spring/jta/simple/service/OrderConsumer'
Event: 1854.525 Thread 0x000001d779f3a050 Unloading class 0x0000000801b07400 'com/sandpit/spring/jta/simple/JmsConfiguration'
Event: 1854.525 Thread 0x000001d779f3a050 Unloading class 0x0000000801b071f0 'com/sandpit/spring/jta/simple/controller/Webservice'
Event: 1854.525 Thread 0x000001d779f3a050 Unloading class 0x0000000801b07000 'com/sandpit/spring/jta/simple/DistributedTransactionsApplication'
Event: 1854.525 Thread 0x000001d779f3a050 Unloading class 0x00000008010c3800 'java/lang/invoke/LambdaForm$MH+0x00000008010c3800'

Classes redefined (20 events):
Event: 49.292 Thread 0x000001d779f3a050 redefined class name=com.sandpit.spring.jta.simple.service.OrderService, count=1
Event: 158.478 Thread 0x000001d779f3a050 redefined class name=com.sandpit.spring.jta.simple.service.OrderService, count=1
Event: 158.478 Thread 0x000001d779f3a050 redefined class name=com.sandpit.spring.jta.simple.service.OrderService, count=2
Event: 244.536 Thread 0x000001d779f3a050 redefined class name=com.sandpit.spring.jta.simple.service.OrderService, count=2
Event: 244.536 Thread 0x000001d779f3a050 redefined class name=com.sandpit.spring.jta.simple.service.OrderService, count=3
Event: 244.536 Thread 0x000001d779f3a050 redefined class name=com.sandpit.spring.jta.simple.service.OrderService, count=1
Event: 261.824 Thread 0x000001d779f3a050 redefined class name=com.sandpit.spring.jta.simple.service.OrderService, count=1
Event: 261.824 Thread 0x000001d779f3a050 redefined class name=com.sandpit.spring.jta.simple.service.OrderService, count=3
Event: 261.824 Thread 0x000001d779f3a050 redefined class name=com.sandpit.spring.jta.simple.service.OrderService, count=2
Event: 261.824 Thread 0x000001d779f3a050 redefined class name=com.sandpit.spring.jta.simple.service.OrderService, count=4
Event: 1850.887 Thread 0x000001d779f3a050 redefined class name=com.sandpit.spring.jta.simple.service.OrderConsumer, count=1
Event: 1850.887 Thread 0x000001d779f3a050 redefined class name=com.sandpit.spring.jta.simple.service.OrderConsumer, count=1
Event: 1850.887 Thread 0x000001d779f3a050 redefined class name=com.sandpit.spring.jta.simple.service.OrderConsumer, count=1
Event: 1850.887 Thread 0x000001d779f3a050 redefined class name=com.sandpit.spring.jta.simple.service.OrderConsumer, count=1
Event: 1850.887 Thread 0x000001d779f3a050 redefined class name=com.sandpit.spring.jta.simple.service.OrderConsumer, count=1
Event: 1850.887 Thread 0x000001d779f3a050 redefined class name=com.sandpit.spring.jta.simple.service.OrderConsumer, count=1
Event: 1850.887 Thread 0x000001d779f3a050 redefined class name=com.sandpit.spring.jta.simple.service.OrderConsumer, count=1
Event: 1850.887 Thread 0x000001d779f3a050 redefined class name=com.sandpit.spring.jta.simple.service.OrderConsumer, count=1
Event: 1850.887 Thread 0x000001d779f3a050 redefined class name=com.sandpit.spring.jta.simple.service.OrderConsumer, count=1
Event: 1850.887 Thread 0x000001d779f3a050 redefined class name=com.sandpit.spring.jta.simple.service.OrderConsumer, count=1

Internal exceptions (20 events):
Event: 1822.159 Thread 0x000001d702355bd0 Exception <a 'java/lang/NoClassDefFoundError'{0x00000007061a1bd0}: org/quartz/Scheduler> (0x00000007061a1bd0) 
thrown [s\open\src\hotspot\share\oops\constantPool.cpp, line 837]
Event: 1822.159 Thread 0x000001d702355bd0 Exception <a 'java/lang/NoClassDefFoundError'{0x00000007061a2250}: org/springframework/session/jdbc/JdbcIndexedSessionRepository> (0x00000007061a2250) 
thrown [s\open\src\hotspot\share\oops\constantPool.cpp, line 837]
Event: 1822.202 Thread 0x000001d702355bd0 Exception <a 'sun/nio/fs/WindowsException'{0x00000007058ea6e8}> (0x00000007058ea6e8) 
thrown [s\open\src\hotspot\share\prims\jni.cpp, line 517]
Event: 1822.202 Thread 0x000001d702355bd0 Exception <a 'sun/nio/fs/WindowsException'{0x00000007058ead50}> (0x00000007058ead50) 
thrown [s\open\src\hotspot\share\prims\jni.cpp, line 517]
Event: 1822.202 Thread 0x000001d702355bd0 Exception <a 'sun/nio/fs/WindowsException'{0x00000007058eb428}> (0x00000007058eb428) 
thrown [s\open\src\hotspot\share\prims\jni.cpp, line 517]
Event: 1822.213 Thread 0x000001d702355bd0 Exception <a 'java/io/FileNotFoundException'{0x0000000705930370}> (0x0000000705930370) 
thrown [s\open\src\hotspot\share\prims\jni.cpp, line 517]
Event: 1822.243 Thread 0x000001d702355bd0 Exception <a 'java/io/FileNotFoundException'{0x0000000705468cf8}> (0x0000000705468cf8) 
thrown [s\open\src\hotspot\share\prims\jni.cpp, line 517]
Event: 1854.495 Thread 0x000001d702357110 Exception <a 'java/lang/InterruptedException'{0x0000000705f4bbc0}: sleep interrupted> (0x0000000705f4bbc0) 
thrown [s\open\src\hotspot\share\prims\jvm.cpp, line 3103]
Event: 1854.572 Thread 0x000001d7018341b0 Exception <a 'sun/nio/fs/WindowsException'{0x000000070768bc58}> (0x000000070768bc58) 
thrown [s\open\src\hotspot\share\prims\jni.cpp, line 517]
Event: 1854.885 Thread 0x000001d7018341b0 Exception <a 'java/lang/NoClassDefFoundError'{0x0000000706145d40}: org/flywaydb/core/Flyway> (0x0000000706145d40) 
thrown [s\open\src\hotspot\share\oops\constantPool.cpp, line 837]
Event: 1855.448 Thread 0x000001d7018341b0 Exception <a 'java/lang/NoClassDefFoundError'{0x00000007061463a0}: liquibase/integration/spring/SpringLiquibase> (0x00000007061463a0) 
thrown [s\open\src\hotspot\share\oops\constantPool.cpp, line 837]
Event: 1855.453 Thread 0x000001d7018341b0 Exception <a 'java/lang/NoClassDefFoundError'{0x0000000706197648}: org/jooq/DSLContext> (0x0000000706197648) 
thrown [s\open\src\hotspot\share\oops\constantPool.cpp, line 837]
Event: 1855.454 Thread 0x000001d7018341b0 Exception <a 'java/lang/NoClassDefFoundError'{0x00000007061a41b0}: org/springframework/batch/core/repository/JobRepository> (0x00000007061a41b0) 
thrown [s\open\src\hotspot\share\oops\constantPool.cpp, line 837]
Event: 1855.455 Thread 0x000001d7018341b0 Exception <a 'java/lang/NoClassDefFoundError'{0x00000007061a4808}: org/quartz/Scheduler> (0x00000007061a4808) 
thrown [s\open\src\hotspot\share\oops\constantPool.cpp, line 837]
Event: 1855.455 Thread 0x000001d7018341b0 Exception <a 'java/lang/NoClassDefFoundError'{0x00000007061a4e88}: org/springframework/session/jdbc/JdbcIndexedSessionRepository> (0x00000007061a4e88) 
thrown [s\open\src\hotspot\share\oops\constantPool.cpp, line 837]
Event: 1855.497 Thread 0x000001d7018341b0 Exception <a 'sun/nio/fs/WindowsException'{0x00000007058ee7c8}> (0x00000007058ee7c8) 
thrown [s\open\src\hotspot\share\prims\jni.cpp, line 517]
Event: 1855.497 Thread 0x000001d7018341b0 Exception <a 'sun/nio/fs/WindowsException'{0x00000007058eee30}> (0x00000007058eee30) 
thrown [s\open\src\hotspot\share\prims\jni.cpp, line 517]
Event: 1855.498 Thread 0x000001d7018341b0 Exception <a 'sun/nio/fs/WindowsException'{0x00000007058ef508}> (0x00000007058ef508) 
thrown [s\open\src\hotspot\share\prims\jni.cpp, line 517]
Event: 1855.509 Thread 0x000001d7018341b0 Exception <a 'java/io/FileNotFoundException'{0x0000000705934450}> (0x0000000705934450) 
thrown [s\open\src\hotspot\share\prims\jni.cpp, line 517]
Event: 1855.542 Thread 0x000001d7018341b0 Exception <a 'java/io/FileNotFoundException'{0x000000070546ccb0}> (0x000000070546ccb0) 
thrown [s\open\src\hotspot\share\prims\jni.cpp, line 517]

VM Operations (20 events):
Event: 1875.164 Executing VM operation: get/set locals
Event: 1875.164 Executing VM operation: get/set locals done
Event: 1875.165 Executing VM operation: get/set locals
Event: 1875.166 Executing VM operation: get/set locals done
Event: 1875.166 Executing VM operation: get/set locals
Event: 1875.166 Executing VM operation: get/set locals done
Event: 1875.167 Executing VM operation: get/set locals
Event: 1875.168 Executing VM operation: get/set locals done
Event: 1875.168 Executing VM operation: get/set locals
Event: 1875.168 Executing VM operation: get/set locals done
Event: 1875.169 Executing VM operation: get/set locals
Event: 1875.169 Executing VM operation: get/set locals done
Event: 1875.170 Executing VM operation: get/set locals
Event: 1875.170 Executing VM operation: get/set locals done
Event: 1875.171 Executing VM operation: get/set locals
Event: 1875.172 Executing VM operation: get/set locals done
Event: 1884.202 Executing VM operation: ChangeSingleStep
Event: 1884.202 Executing VM operation: ChangeSingleStep done
Event: 1884.211 Executing VM operation: ChangeSingleStep
Event: 1884.211 Executing VM operation: ChangeSingleStep done

Events (20 events):
Event: 1855.881 Thread 0x000001d70235b620 Thread added: 0x000001d70235b620
Event: 1855.881 Thread 0x000001d70235bb70 Thread added: 0x000001d70235bb70
Event: 1855.885 Thread 0x000001d702355bd0 Thread added: 0x000001d702355bd0
Event: 1855.885 Thread 0x000001d702356120 Thread added: 0x000001d702356120
Event: 1855.886 Thread 0x000001d77eedffa0 Thread added: 0x000001d77eedffa0
Event: 1855.886 Thread 0x000001d77eee04f0 Thread added: 0x000001d77eee04f0
Event: 1855.887 Thread 0x000001d77eee69e0 Thread added: 0x000001d77eee69e0
Event: 1855.887 Thread 0x000001d77eee5f40 Thread added: 0x000001d77eee5f40
Event: 1855.888 Thread 0x000001d77eee0a40 Thread added: 0x000001d77eee0a40
Event: 1855.888 Thread 0x000001d77eee6490 Thread added: 0x000001d77eee6490
Event: 1855.893 Thread 0x000001d77eee4a00 Thread added: 0x000001d77eee4a00
Event: 1855.896 Thread 0x000001d77eee0f90 Thread added: 0x000001d77eee0f90
Event: 1855.899 Thread 0x000001d77eee0f90 Thread exited: 0x000001d77eee0f90
Event: 1855.900 Thread 0x000001d77eee24d0 Thread added: 0x000001d77eee24d0
Event: 1855.903 Thread 0x000001d77eee24d0 Thread exited: 0x000001d77eee24d0
Event: 1855.906 Thread 0x000001d7018341b0 Thread exited: 0x000001d7018341b0
Event: 1855.906 Thread 0x000001d70182ecb0 Thread exited: 0x000001d70182ecb0
Event: 1856.910 Thread 0x000001d77eee4a00 Thread exited: 0x000001d77eee4a00
Event: 1860.903 Thread 0x000001d7020345c0 Thread exited: 0x000001d7020345c0
Event: 1875.473 Thread 0x000001d702034040 Thread exited: 0x000001d702034040


Dynamic libraries:
0x00007ff7d2fe0000 - 0x00007ff7d2fee000 	E:\apps\jdk-19\bin\javaw.exe
0x00007ffadaf30000 - 0x00007ffadb128000 	C:\windows\SYSTEM32\ntdll.dll
0x00007ffadab60000 - 0x00007ffadac1f000 	C:\windows\System32\KERNEL32.DLL
0x00007ffad88f0000 - 0x00007ffad8be6000 	C:\windows\System32\KERNELBASE.dll
0x00007ffad87f0000 - 0x00007ffad88f0000 	C:\windows\System32\ucrtbase.dll
0x00007fface9a0000 - 0x00007fface9b7000 	E:\apps\jdk-19\bin\jli.dll
0x00007ffac7740000 - 0x00007ffac775b000 	E:\apps\jdk-19\bin\VCRUNTIME140.dll
0x00007ffad9f90000 - 0x00007ffada12d000 	C:\windows\System32\USER32.dll
0x00007ffad8e40000 - 0x00007ffad8e62000 	C:\windows\System32\win32u.dll
0x00007ffac5380000 - 0x00007ffac561a000 	C:\windows\WinSxS\amd64_microsoft.windows.common-controls_6595b64144ccf1df_6.0.19041.1110_none_60b5254171f9507e\COMCTL32.dll
0x00007ffadacb0000 - 0x00007ffadacdc000 	C:\windows\System32\GDI32.dll
0x00007ffada270000 - 0x00007ffada30e000 	C:\windows\System32\msvcrt.dll
0x00007ffad8e70000 - 0x00007ffad8f85000 	C:\windows\System32\gdi32full.dll
0x00007ffad8610000 - 0x00007ffad86ad000 	C:\windows\System32\msvcp_win.dll
0x00007ffada3e0000 - 0x00007ffada410000 	C:\windows\System32\IMM32.DLL
0x000001d760bf0000 - 0x000001d760c04000 	C:\windows\System32\umppc16812.dll
0x00007ffac5970000 - 0x00007ffac597c000 	E:\apps\jdk-19\bin\vcruntime140_1.dll
0x00007ffaa4640000 - 0x00007ffaa46ce000 	E:\apps\jdk-19\bin\msvcp140.dll
0x00007ffa93900000 - 0x00007ffa945c0000 	E:\apps\jdk-19\bin\server\jvm.dll
0x00007ffad8f90000 - 0x00007ffad903f000 	C:\windows\System32\ADVAPI32.dll
0x00007ffad90b0000 - 0x00007ffad914c000 	C:\windows\System32\sechost.dll
0x00007ffad9a50000 - 0x00007ffad9b76000 	C:\windows\System32\RPCRT4.dll
0x00007ffaaf3f0000 - 0x00007ffaaf3f9000 	C:\windows\SYSTEM32\WSOCK32.dll
0x00007ffad99e0000 - 0x00007ffad9a4b000 	C:\windows\System32\WS2_32.dll
0x00007fface370000 - 0x00007fface397000 	C:\windows\SYSTEM32\WINMM.dll
0x00007ffad0040000 - 0x00007ffad004a000 	C:\windows\SYSTEM32\VERSION.dll
0x00007ffad6f80000 - 0x00007ffad6f92000 	C:\windows\SYSTEM32\kernel.appcore.dll
0x00007ffac5960000 - 0x00007ffac596a000 	E:\apps\jdk-19\bin\jimage.dll
0x00007ffad6850000 - 0x00007ffad6a34000 	C:\windows\SYSTEM32\DBGHELP.DLL
0x00007ffacbec0000 - 0x00007ffacbef4000 	C:\windows\SYSTEM32\dbgcore.DLL
0x00007ffad8760000 - 0x00007ffad87e2000 	C:\windows\System32\bcryptPrimitives.dll
0x00007ffaacce0000 - 0x00007ffaacd1c000 	E:\apps\jdk-19\bin\jdwp.dll
0x00007ffac56c0000 - 0x00007ffac56ce000 	E:\apps\jdk-19\bin\instrument.dll
0x00007ffaaf340000 - 0x00007ffaaf366000 	E:\apps\jdk-19\bin\java.dll
0x00007ffaa3830000 - 0x00007ffaa3907000 	E:\apps\jdk-19\bin\jsvml.dll
0x00007ffada410000 - 0x00007ffadab54000 	C:\windows\System32\SHELL32.dll
0x00007ffad5ff0000 - 0x00007ffad6783000 	C:\windows\SYSTEM32\windows.storage.dll
0x00007ffad9b90000 - 0x00007ffad9ee4000 	C:\windows\System32\combase.dll
0x00007ffad7f70000 - 0x00007ffad7f9e000 	C:\windows\SYSTEM32\Wldp.dll
0x00007ffad9810000 - 0x00007ffad98bd000 	C:\windows\System32\SHCORE.dll
0x00007ffad97b0000 - 0x00007ffad9805000 	C:\windows\System32\shlwapi.dll
0x00007ffad8540000 - 0x00007ffad8565000 	C:\windows\SYSTEM32\profapi.dll
0x00007ffab8e60000 - 0x00007ffab8e6c000 	E:\apps\jdk-19\bin\dt_socket.dll
0x00007ffad7a10000 - 0x00007ffad7a4b000 	C:\windows\SYSTEM32\IPHLPAPI.DLL
0x00007ffad7d50000 - 0x00007ffad7dba000 	C:\windows\system32\mswsock.dll
0x00007ffad7a50000 - 0x00007ffad7b1a000 	C:\windows\SYSTEM32\DNSAPI.dll
0x00007ffada130000 - 0x00007ffada138000 	C:\windows\System32\NSI.dll
0x00007ffacfa60000 - 0x00007ffacfa6a000 	C:\Windows\System32\rasadhlp.dll
0x00007ffad37f0000 - 0x00007ffad3872000 	C:\windows\System32\fwpuclnt.dll
0x00007ffad8d50000 - 0x00007ffad8d77000 	C:\windows\System32\bcrypt.dll
0x00007ffaaccc0000 - 0x00007ffaaccd8000 	E:\apps\jdk-19\bin\zip.dll
0x00007ffaaae30000 - 0x00007ffaaae43000 	E:\apps\jdk-19\bin\net.dll
0x00007ffad1590000 - 0x00007ffad169a000 	C:\windows\SYSTEM32\WINHTTP.dll
0x00007ffaaab40000 - 0x00007ffaaab56000 	E:\apps\jdk-19\bin\nio.dll
0x00007ffab0280000 - 0x00007ffab028a000 	E:\apps\jdk-19\bin\management.dll
0x00007ffaaf870000 - 0x00007ffaaf87b000 	E:\apps\jdk-19\bin\management_ext.dll
0x00007ffad90a0000 - 0x00007ffad90a8000 	C:\windows\System32\PSAPI.DLL
0x00007ffaafc10000 - 0x00007ffaafc27000 	C:\windows\system32\napinsp.dll
0x00007ffaafc30000 - 0x00007ffaafc4b000 	C:\windows\system32\pnrpnsp.dll
0x00007ffaafc50000 - 0x00007ffaafc65000 	C:\windows\system32\wshbth.dll
0x00007ffad1d00000 - 0x00007ffad1d1d000 	C:\windows\system32\NLAapi.dll
0x00007ffaafc70000 - 0x00007ffaafc82000 	C:\windows\System32\winrnr.dll
0x00007ffad82d0000 - 0x00007ffad82e8000 	C:\windows\SYSTEM32\CRYPTSP.dll
0x00007ffad7610000 - 0x00007ffad7644000 	C:\windows\system32\rsaenh.dll
0x00007ffad8500000 - 0x00007ffad852e000 	C:\windows\SYSTEM32\USERENV.dll
0x00007ffad7ee0000 - 0x00007ffad7eec000 	C:\windows\SYSTEM32\CRYPTBASE.dll
0x00007ffad37d0000 - 0x00007ffad37e7000 	C:\windows\SYSTEM32\dhcpcsvc6.DLL
0x00007ffad37b0000 - 0x00007ffad37cd000 	C:\windows\SYSTEM32\dhcpcsvc.DLL
0x00007ffaaf7d0000 - 0x00007ffaaf7d8000 	E:\apps\jdk-19\bin\extnet.dll
0x00007ffaaf7a0000 - 0x00007ffaaf7b0000 	E:\apps\jdk-19\bin\verify.dll
0x00007ffaaf650000 - 0x00007ffaaf65e000 	E:\apps\jdk-19\bin\sunmscapi.dll
0x00007ffad8bf0000 - 0x00007ffad8d4e000 	C:\windows\System32\CRYPT32.dll
0x00007ffad7fe0000 - 0x00007ffad8008000 	C:\windows\SYSTEM32\ncrypt.dll
0x00007ffad7fa0000 - 0x00007ffad7fdb000 	C:\windows\SYSTEM32\NTASN1.dll
0x00007ffaacc20000 - 0x00007ffaacc27000 	C:\windows\system32\wshunix.dll

dbghelp: loaded successfully - version: 4.0.5 - missing functions: none
symbol engine: initialized successfully - sym options: 0x614 - pdb path: .;E:\apps\jdk-19\bin;C:\windows\SYSTEM32;C:\windows\WinSxS\amd64_microsoft.windows.common-controls_6595b64144ccf1df_6.0.19041.1110_none_60b5254171f9507e;E:\apps\jdk-19\bin\server

VM Arguments:
jvm_args: -XX:+ShowCodeDetailsInExceptionMessages -agentlib:jdwp=transport=dt_socket,suspend=y,address=localhost:49976 -Dcom.sun.management.jmxremote -Dcom.sun.management.jmxremote.port=49974 -Dcom.sun.management.jmxremote.authenticate=false -Dcom.sun.management.jmxremote.ssl=false -Djava.rmi.server.hostname=localhost -Dspring.jmx.enabled=true -Dspring.application.admin.enabled=true -XX:TieredStopAtLevel=1 -Dspring.boot.project.name=spring-jta-simple -javaagent:E:\dev\tools\sts-4.11.0.RELEASE\configuration\org.eclipse.osgi\258\0\.cp\lib\javaagent-shaded.jar -Dfile.encoding=UTF-8 
java_command: com.sandpit.spring.jta.simple.DistributedTransactionsApplication --spring.output.ansi.enabled=always
java_class_path (initial): E:\dev\sources\prepare\distributed-transaction\spring-jta-simple\target\classes;C:\Users\spark\.m2\repository\org\springframework\boot\spring-boot-starter-web\3.1.0\spring-boot-starter-web-3.1.0.jar;C:\Users\spark\.m2\repository\org\springframework\boot\spring-boot-starter\3.1.0\spring-boot-starter-3.1.0.jar;C:\Users\spark\.m2\repository\org\springframework\boot\spring-boot-starter-logging\3.1.0\spring-boot-starter-logging-3.1.0.jar;C:\Users\spark\.m2\repository\ch\qos\logback\logback-classic\1.4.7\logback-classic-1.4.7.jar;C:\Users\spark\.m2\repository\ch\qos\logback\logback-core\1.4.7\logback-core-1.4.7.jar;C:\Users\spark\.m2\repository\org\apache\logging\log4j\log4j-to-slf4j\2.20.0\log4j-to-slf4j-2.20.0.jar;C:\Users\spark\.m2\repository\org\apache\logging\log4j\log4j-api\2.20.0\log4j-api-2.20.0.jar;C:\Users\spark\.m2\repository\org\slf4j\jul-to-slf4j\2.0.7\jul-to-slf4j-2.0.7.jar;C:\Users\spark\.m2\repository\jakarta\annotation\jakarta.annotation-api\2.1.1\jakarta.annotation-api-2.1.1.jar;C:\Users\spark\.m2\repository\org\yaml\snakeyaml\1.33\snakeyaml-1.33.jar;C:\Users\spark\.m2\repository\org\springframework\boot\spring-boot-starter-tomcat\3.1.0\spring-boot-starter-tomcat-3.1.0.jar;C:\Users\spark\.m2\repository\org\apache\tomcat\embed\tomcat-embed-core\10.1.8\tomcat-embed-core-10.1.8.jar;C:\Users\spark\.m2\repository\org\apache\tomcat\embed\tomcat-embed-el\10.1.8\tomcat-embed-el-10.1.8.jar;C:\Users\spark\.m2\repository\org\apache\tomcat\embed\tomcat-embed-websocket\10.1.8\tomcat-embed-websocket-10.1.8.jar;C:\Users\spark\.m2\repository\org\springframework\spring-web\6.0.9\spring-web-6.0.9.jar;C:\Users\spark\.m2\repository\org\springframework\spring-beans\6.0.9\spring-beans-6.0.9.jar;C:\Users\spark\.m2\repository\io\micrometer\micrometer-observation\1.11.0\micrometer-observation-1.11.0.jar;C:\Users\spark\.m2\repository\io\micrometer\micrometer-commons\1.11.0\micrometer-commons-1.11.0.jar;C:\Users\spark\.m2\repository\org\springframework\spring-webmvc\6.0.9\spring-webmvc-6.0.9.jar;C:\Users\spark\.m2\repository\org\springframework\spring-aop\6.0.9\spring-aop-6.0.9.jar;C:\Users\spark\.m2\repository\org\springframework\spring-context\6.0.9\spring-context-6.0.9.jar;C:\Users\spark\.m2\repository\org\springframework\spring-expression\6.0.9\spring-expression-6.0.9.jar;C:\Users\spark\.m2\repository\org\springframework\boot\spring-boot-starter-artemis\3.1.0\spring-boot-starter-artemis-3.1.0.jar;C:\Users\spark\.m2\repository\org\springframework\spring-jms\6.0.9\spring-jms-6.0.9.jar;C:\Users\spark\.m2\repository\org\springframework\spring-messaging\6.0.9\spring-messaging-6.0.9.jar;C:\Users\spark\.m2\repository\org\springframework\spring-tx\6.0.9\spring-tx-6.0.9.jar;C:\Users\spark\.m2\repository\org\apache\activemq\artemis-jakarta-client\2.28.0\artemis-jakarta-client-2.28.0.jar;C:\Users\spark\.m2\repository\org\apache\activemq\artemis-selector\2.28.0\artemis-selector-2.28.0.jar;C:\Users\spark\.m2\repository\org\apache\activemq\artemis-jakarta-server\2.28.0\artemis-jakarta-server-2.28.0.jar;C:\Users\spark\.m2\repository\org\slf4j\slf4j-api\2.0.7\slf4j-api-2.0.7.jar;C:\Users\spark\.m2\repository\org\apache\activemq\artemis-core-client\2.28.0\artemis-core-client-2.28.0.jar;C:\Users\spark\.m2\repository\org\jgroups\jgroups\5.2.0.Final\jgroups-5.2.0.Final.jar;C:\Users\spark\.m2\repository\io\netty\netty-transport-native-epoll\4.1.92.Final\netty-transport-native-epoll-4.1.92.Final-linux-x86_64.jar;C:\Users\spark\.m2\repository\io\netty\netty-transport-native-unix-common\4.1.92.Final\netty-transport-native-unix-common-4.1.92.Final.jar;C:\Users\spark\.m2\repository\io\netty\netty-transport-classes-epoll\4.1.92.Final\netty-transport-classes-epoll-4.1.92.Final.jar;C:\Users\spark\.m2\repository\io\netty\netty-transport-native-kqueue\4.1.92.Final\netty-transport-native-kqueue-4.1.92.Final-osx-x86_64.jar;C:\Users\spark\.m2\repository\io\netty\netty-transport-classes-kqueue\4.1.92.Final\netty-transport-classes-kqueue-4.1.92.Final.jar;C:\Users\spark\.m2\repository\io\netty\netty-codec-http\4.1.92.Final\netty-codec-http-4.1.92.Final.jar;C:\Users\spark\.m2\repository\io\netty\netty-buffer\4.1.92.Final\netty-buffer-4.1.92.Final.jar;C:\Users\spark\.m2\repository\io\netty\netty-transport\4.1.92.Final\netty-transport-4.1.92.Final.jar;C:\Users\spark\.m2\repository\io\netty\netty-resolver\4.1.92.Final\netty-resolver-4.1.92.Final.jar;C:\Users\spark\.m2\repository\io\netty\netty-handler\4.1.92.Final\netty-handler-4.1.92.Final.jar;C:\Users\spark\.m2\repository\io\netty\netty-handler-proxy\4.1.92.Final\netty-handler-proxy-4.1.92.Final.jar;C:\Users\spark\.m2\repository\io\netty\netty-codec\4.1.92.Final\netty-codec-4.1.92.Final.jar;C:\Users\spark\.m2\repository\io\netty\netty-codec-socks\4.1.92.Final\netty-codec-socks-4.1.92.Final.jar;C:\Users\spark\.m2\repository\io\netty\netty-common\4.1.92.Final\netty-common-4.1.92.Final.jar;C:\Users\spark\.m2\repository\org\apache\activemq\artemis-server\2.28.0\artemis-server-2.28.0.jar;C:\Users\spark\.m2\repository\com\google\guava\guava\30.1-jre\guava-30.1-jre.jar;C:\Users\spark\.m2\repository\com\google\guava\failureaccess\1.0.1\failureaccess-1.0.1.jar;C:\Users\spark\.m2\repository\org\apache\activemq\artemis-jdbc-store\2.28.0\artemis-jdbc-store-2.28.0.jar;C:\Users\spark\.m2\repository\org\apache\commons\commons-dbcp2\2.9.0\commons-dbcp2-2.9.0.jar;C:\Users\spark\.m2\repository\org\apache\commons\commons-pool2\2.11.1\commons-pool2-2.11.1.jar;C:\Users\spark\.m2\repository\org\apache\activemq\artemis-quorum-api\2.28.0\artemis-quorum-api-2.28.0.jar;C:\Users\spark\.m2\repository\org\apache\activemq\activemq-artemis-native\2.0.0\activemq-artemis-native-2.0.0.jar;C:\Users\spark\.m2\repository\org\jctools\jctools-core\2.1.2\jctools-core-2.1.2.jar;C:\Users\spark\.m2\repository\commons-beanutils\commons-beanutils\1.9.4\commons-beanutils-1.9.4.jar;C:\Users\spark\.m2\repository\commons-logging\commons-logging\1.2\commons-logging-1.2.jar;C:\Users\spark\.m2\repository\commons-collections\commons-collections\3.2.2\commons-collections-3.2.2.jar;C:\Users\spark\.m2\repository\org\apache\commons\commons-configuration2\2.8.0\commons-configuration2-2.8.0.jar;C:\Users\spark\.m2\repository\org\apache\commons\commons-lang3\3.12.0\commons-lang3-3.12.0.jar;C:\Users\spark\.m2\repository\org\apache\commons\commons-text\1.10.0\commons-text-1.10.0.jar;C:\Users\spark\.m2\repository\io\micrometer\micrometer-core\1.11.0\micrometer-core-1.11.0.jar;C:\Users\spark\.m2\repository\org\apache\activemq\artemis-journal\2.28.0\artemis-journal-2.28.0.jar;C:\Users\spark\.m2\repository\org\apache\activemq\artemis-commons\2.28.0\artemis-commons-2.28.0.jar;C:\Users\spark\.m2\repository\org\apache\activemq\artemis-jakarta-service-extensions\2.28.0\artemis-jakarta-service-extensions-2.28.0.jar;C:\Users\spark\.m2\repository\jakarta\jms\jakarta.jms-api\3.1.0\jakarta.jms-api-3.1.0.jar;C:\Users\spark\.m2\repository\jakarta\transaction\jakarta.transaction-api\2.0.1\jakarta.transaction-api-2.0.1.jar;C:\Users\spark\.m2\repository\org\springframework\boot\spring-boot-starter-json\3.1.0\spring-boot-starter-json-3.1.0.jar;C:\Users\spark\.m2\repository\com\fasterxml\jackson\core\jackson-databind\2.15.0\jackson-databind-2.15.0.jar;C:\Users\spark\.m2\repository\com\fasterxml\jackson\core\jackson-annotations\2.15.0\jackson-annotations-2.15.0.jar;C:\Users\spark\.m2\repository\com\fasterxml\jackson\core\jackson-core\2.15.0\jackson-core-2.15.0.jar;C:\Users\spark\.m2\repository\com\fasterxml\jackson\datatype\jackson-datatype-jdk8\2.15.0\jackson-datatype-jdk8-2.15.0.jar;C:\Users\spark\.m2\repository\com\fasterxml\jackson\datatype\jackson-datatype-jsr310\2.15.0\jackson-datatype-jsr310-2.15.0.jar;C:\Users\spark\.m2\repository\com\fasterxml\jackson\module\jackson-module-parameter-names\2.15.0\jackson-module-parameter-names-2.15.0.jar;C:\Users\spark\.m2\repository\org\springframework\boot\spring-boot-starter-data-jpa\3.1.0\spring-boot-starter-data-jpa-3.1.0.jar;C:\Users\spark\.m2\repository\org\springframework\boot\spring-boot-starter-aop\3.1.0\spring-boot-starter-aop-3.1.0.jar;C:\Users\spark\.m2\repository\org\aspectj\aspectjweaver\1.9.19\aspectjweaver-1.9.19.jar;C:\Users\spark\.m2\repository\org\springframework\boot\spring-boot-starter-jdbc\3.1.0\spring-boot-starter-jdbc-3.1.0.jar;C:\Users\spark\.m2\repository\com\zaxxer\HikariCP\5.0.1\HikariCP-5.0.1.jar;C:\Users\spark\.m2\repository\org\springframework\spring-jdbc\6.0.9\spring-jdbc-6.0.9.jar;C:\Users\spark\.m2\repository\org\hibernate\orm\hibernate-core\6.2.2.Final\hibernate-core-6.2.2.Final.jar;C:\Users\spark\.m2\repository\jakarta\persistence\jakarta.persistence-api\3.1.0\jakarta.persistence-api-3.1.0.jar;C:\Users\spark\.m2\repository\org\jboss\logging\jboss-logging\3.5.0.Final\jboss-logging-3.5.0.Final.jar;C:\Users\spark\.m2\repository\org\hibernate\common\hibernate-commons-annotations\6.0.6.Final\hibernate-commons-annotations-6.0.6.Final.jar;C:\Users\spark\.m2\repository\io\smallrye\jandex\3.0.5\jandex-3.0.5.jar;C:\Users\spark\.m2\repository\com\fasterxml\classmate\1.5.1\classmate-1.5.1.jar;C:\Users\spark\.m2\repository\net\bytebuddy\byte-buddy\1.14.4\byte-buddy-1.14.4.jar;C:\Users\spark\.m2\repository\org\glassfish\jaxb\jaxb-runtime\4.0.2\jaxb-runtime-4.0.2.jar;C:\Users\spark\.m2\repository\org\glassfish\jaxb\jaxb-core\4.0.2\jaxb-core-4.0.2.jar;C:\Users\spark\.m2\repository\org\eclipse\angus\angus-activation\2.0.0\angus-activation-2.0.0.jar;C:\Users\spark\.m2\repository\org\glassfish\jaxb\txw2\4.0.2\txw2-4.0.2.jar;C:\Users\spark\.m2\repository\com\sun\istack\istack-commons-runtime\4.1.1\istack-commons-runtime-4.1.1.jar;C:\Users\spark\.m2\repository\jakarta\inject\jakarta.inject-api\2.0.1\jakarta.inject-api-2.0.1.jar;C:\Users\spark\.m2\repository\org\antlr\antlr4-runtime\4.10.1\antlr4-runtime-4.10.1.jar;C:\Users\spark\.m2\repository\org\springframework\data\spring-data-jpa\3.1.0\spring-data-jpa-3.1.0.jar;C:\Users\spark\.m2\repository\org\springframework\data\spring-data-commons\3.1.0\spring-data-commons-3.1.0.jar;C:\Users\spark\.m2\repository\org\springframework\spring-orm\6.0.9\spring-orm-6.0.9.jar;C:\Users\spark\.m2\repository\org\springframework\spring-aspects\6.0.9\spring-aspects-6.0.9.jar;C:\Users\spark\.m2\repository\com\h2database\h2\2.1.214\h2-2.1.214.jar;C:\Users\spark\.m2\repository\com\atomikos\transactions-spring-boot3-starter\6.0.0\transactions-spring-boot3-starter-6.0.0.jar;C:\Users\spark\.m2\repository\com\atomikos\transactions-spring-boot3\6.0.0\transactions-spring-boot3-6.0.0.jar;C:\Users\spark\.m2\repository\com\atomikos\transactions-jms\6.0.0\transactions-jms-6.0.0-jakarta.jar;C:\Users\spark\.m2\repository\com\atomikos\transactions-jta\6.0.0\transactions-jta-6.0.0-jakarta.jar;C:\Users\spark\.m2\repository\com\atomikos\transactions-api\6.0.0\transactions-api-6.0.0.jar;C:\Users\spark\.m2\repository\com\atomikos\transactions\6.0.0\transactions-6.0.0.jar;C:\Users\spark\.m2\repository\com\atomikos\atomikos-util\6.0.0\atomikos-util-6.0.0.jar;C:\Users\spark\.m2\repository\com\atomikos\transactions-jdbc\6.0.0\transactions-jdbc-6.0.0-jakarta.jar;C:\Users\spark\.m2\repository\org\projectlombok\lombok\1.18.28\lombok-1.18.28.jar;C:\Users\spark\.m2\repository\org\springframework\boot\spring-boot-devtools\3.1.0\spring-boot-devtools-3.1.0.jar;C:\Users\spark\.m2\repository\org\springframework\boot\spring-boot\3.1.0\spring-boot-3.1.0.jar;C:\Users\spark\.m2\repository\org\springframework\boot\spring-boot-autoconfigure\3.1.0\spring-boot-autoconfigure-3.1.0.jar;C:\Users\spark\.m2\repository\jakarta\xml\bind\jakarta.xml.bind-api\4.0.0\jakarta.xml.bind-api-4.0.0.jar;C:\Users\spark\.m2\repository\jakarta\activation\jakarta.activation-api\2.1.2\jakarta.activation-api-2.1.2.jar;C:\Users\spark\.m2\repository\org\springframework\spring-core\6.0.9\spring-core-6.0.9.jar;C:\Users\spark\.m2\repository\org\springframework\spring-jcl\6.0.9\spring-jcl-6.0.9.jar
Launcher Type: SUN_STANDARD

[Global flags]
     intx CICompilerCount                          = 4                                         {product} {ergonomic}
     uint ConcGCThreads                            = 2                                         {product} {ergonomic}
     uint G1ConcRefinementThreads                  = 8                                         {product} {ergonomic}
   size_t G1HeapRegionSize                         = 2097152                                   {product} {ergonomic}
    uintx GCDrainStackTargetSize                   = 64                                        {product} {ergonomic}
   size_t InitialHeapSize                          = 268435456                                 {product} {ergonomic}
     bool ManagementServer                         = true                                      {product} {command line}
   size_t MarkStackSize                            = 4194304                                   {product} {ergonomic}
   size_t MaxHeapSize                              = 4273995776                                {product} {ergonomic}
   size_t MaxNewSize                               = 2562719744                                {product} {ergonomic}
   size_t MinHeapDeltaBytes                        = 2097152                                   {product} {ergonomic}
   size_t MinHeapSize                              = 8388608                                   {product} {ergonomic}
    uintx NonProfiledCodeHeapSize                  = 0                                      {pd product} {ergonomic}
     bool ProfileInterpreter                       = false                                  {pd product} {command line}
    uintx ProfiledCodeHeapSize                     = 0                                      {pd product} {ergonomic}
     bool ShowCodeDetailsInExceptionMessages       = true                                   {manageable} {command line}
   size_t SoftMaxHeapSize                          = 4273995776                             {manageable} {ergonomic}
     intx TieredStopAtLevel                        = 1                                         {product} {command line}
     bool UseCompressedClassPointers               = true                           {product lp64_product} {ergonomic}
     bool UseCompressedOops                        = true                           {product lp64_product} {ergonomic}
     bool UseG1GC                                  = true                                      {product} {ergonomic}
     bool UseLargePagesIndividualAllocation        = false                                  {pd product} {ergonomic}

Logging:
Log output configuration:
 #0: stdout all=warning uptime,level,tags foldmultilines=false
 #1: stderr all=off uptime,level,tags foldmultilines=false

Environment Variables:
JAVA_HOME=E:\apps\jdk-19
PATH=E:/dev/tools/sts-4.11.0.RELEASE//plugins/org.eclipse.justj.openjdk.hotspot.jre.full.win32.x86_64_16.0.1.v20210528-1205/jre/bin/server;E:/dev/tools/sts-4.11.0.RELEASE//plugins/org.eclipse.justj.openjdk.hotspot.jre.full.win32.x86_64_16.0.1.v20210528-1205/jre/bin;E:\apps\jdk-19\bin;C:\windows\system32;C:\windows;C:\windows\System32\Wbem;C:\windows\System32\WindowsPowerShell\v1.0\;C:\windows\System32\OpenSSH\;E:\dev\tools\apache-maven-3.9.3\bin;C:\Program Files (x86)\Microsoft SQL Server\150\DTS\Binn\;C:\Program Files\Azure Data Studio\bin;E:\dev\tools\node-v14.17.5-win-x64;C:\Users\spark\AppData\Local\Android\Sdk\platform-tools;C:\Users\spark\AppData\Local\Android\Sdk\emulator;C:\Program Files\Microsoft SQL Server\Client SDK\ODBC\170\Tools\Binn\;C:\Program Files (x86)\Microsoft SQL Server\150\Tools\Binn\;C:\Program Files\Microsoft SQL Server\150\Tools\Binn\;C:\Program Files\Microsoft SQL Server\150\DTS\Binn\;C:\Program Files\PuTTY\;C:\HashiCorp\Vagrant\bin;C:\Program Files\Docker\Docker\resources\bin;C:\Users\spark\AppData\Local\Microsoft\WindowsApps;C:\Users\spark\AppData\Local\Programs\Microsoft VS Code\bin;C:\Users\spark\AppData\Local\Programs\Git\cmd;E:\dev\tools\sts-4.11.0.RELEASE;
USERNAME=spark
OS=Windows_NT
PROCESSOR_IDENTIFIER=Intel64 Family 6 Model 94 Stepping 3, GenuineIntel
TMP=C:\Users\spark\AppData\Local\Temp
TEMP=C:\Users\spark\AppData\Local\Temp



---------------  S Y S T E M  ---------------

OS:
 Windows 10 , 64 bit Build 19041 (10.0.19041.3155)
OS uptime: 5 days 18:33 hours
Hyper-V role detected

CPU: total 8 (initial active 8) (4 cores per cpu, 2 threads per core) family 6 model 94 stepping 3 microcode 0xcc, cx8, cmov, fxsr, ht, mmx, 3dnowpref, sse, sse2, sse3, ssse3, sse4.1, sse4.2, popcnt, lzcnt, tsc, tscinvbit, avx, avx2, aes, erms, clmul, bmi1, bmi2, rtm, adx, fma, vzeroupper, clflush, clflushopt, hv, rdtscp

Memory: 4k page, system-wide physical 16303M (3595M free)
TotalPageFile size 32607M (AvailPageFile size 11783M)
current process WorkingSet (physical memory assigned to process): 356M, peak: 359M
current process commit charge ("private bytes"): 400M, peak: 455M

vm_info: OpenJDK 64-Bit Server VM (19+36-2238) for windows-amd64 JRE (19+36-2238), built on 2022-08-12T20:29:01Z by "mach5one" with MS VC++ 17.1 (VS2022)

END.
